Using pre-set license
Built from '2020.3/staging' branch; Version is '2020.3.8f1 (507919d4fff5) revision 5273881'; Using compiler version '192528614'; Build Type 'Release'
OS: 'Windows 10 Pro; OS build 19043.1586; Version 2009; 64bit' Language: 'tr' Physical Memory: 16332 MB
BatchMode: 1, IsHumanControllingUs: 0, StartBugReporterOnCrash: 0, Is64bit: 1, IsPro: 0

 COMMAND LINE ARGUMENTS:
C:\Program Files\Unity\Hub\Editor\2020.3.8f1\Editor\Unity.exe
-adb2
-batchMode
-noUpm
-name
AssetImportWorker1
-projectPath
C:/Users/FURKAN/Desktop/Zerosum Case - Game Developer
-logFile
Logs/AssetImportWorker1.log
-srvPort
63595
Successfully changed project path to: C:/Users/FURKAN/Desktop/Zerosum Case - Game Developer
C:/Users/FURKAN/Desktop/Zerosum Case - Game Developer
Using Asset Import Pipeline V2.
Refreshing native plugins compatible for Editor in 46.64 ms, found 0 plugins.
Preloading 0 native plugins for Editor in 0.00 ms.
Initialize engine version: 2020.3.8f1 (507919d4fff5)
[Subsystems] Discovering subsystems at path C:/Program Files/Unity/Hub/Editor/2020.3.8f1/Editor/Data/Resources/UnitySubsystems
[Subsystems] Discovering subsystems at path C:/Users/FURKAN/Desktop/Zerosum Case - Game Developer/Assets
GfxDevice: creating device client; threaded=0
Direct3D:
    Version:  Direct3D 11.0 [level 11.0]
    Renderer: NVIDIA GeForce GTX 770 (ID=0x1184)
    Vendor:   
    VRAM:     2007 MB
    Driver:   27.21.14.5671
Shader 'Universal Render Pipeline/Particles/Lit': fallback shader 'Universal Render Pipeline/Particles/SimpleLit' not found
Initialize mono
Mono path[0] = 'C:/Program Files/Unity/Hub/Editor/2020.3.8f1/Editor/Data/Managed'
Mono path[1] = 'C:/Program Files/Unity/Hub/Editor/2020.3.8f1/Editor/Data/MonoBleedingEdge/lib/mono/unityjit'
Mono config path = 'C:/Program Files/Unity/Hub/Editor/2020.3.8f1/Editor/Data/MonoBleedingEdge/etc'
Using monoOptions --debugger-agent=transport=dt_socket,embedding=1,server=y,suspend=n,address=127.0.0.1:56220
Begin MonoManager ReloadAssembly
Registering precompiled unity dll's ...
Register platform support module: C:/Program Files/Unity/Hub/Editor/2020.3.8f1/Editor/Data/PlaybackEngines/WindowsStandaloneSupport/UnityEditor.WindowsStandalone.Extensions.dll
Registered in 0.002953 seconds.
Native extension for WindowsStandalone target not found
Refreshing native plugins compatible for Editor in 47.27 ms, found 0 plugins.
Preloading 0 native plugins for Editor in 0.00 ms.
Mono: successfully reloaded assembly
- Completed reload, in  4.982 seconds
Platform modules already initialized, skipping
Registering precompiled user dll's ...
Registered in 0.003260 seconds.
Begin MonoManager ReloadAssembly
Native extension for WindowsStandalone target not found
Refreshing native plugins compatible for Editor in 49.21 ms, found 0 plugins.
Preloading 0 native plugins for Editor in 0.00 ms.
Mono: successfully reloaded assembly
- Completed reload, in  1.130 seconds
Platform modules already initialized, skipping
========================================================================
Worker process is ready to serve import requests
Shader 'Universal Render Pipeline/Particles/Lit': fallback shader 'Universal Render Pipeline/Particles/SimpleLit' not found
Launched and connected shader compiler UnityShaderCompiler.exe after 0.08 seconds
Refreshing native plugins compatible for Editor in 0.44 ms, found 0 plugins.
Preloading 0 native plugins for Editor in 0.00 ms.
Unloading 2435 Unused Serialized files (Serialized files now loaded: 0)
System memory in use before: 187.5 MB.
System memory in use after: 187.7 MB.

Unloading 12 unused Assets to reduce memory usage. Loaded Objects now: 2887.
Total: 2.331100 ms (FindLiveObjects: 0.284800 ms CreateObjectMapping: 0.065500 ms MarkObjects: 1.896300 ms  DeleteObjects: 0.083400 ms)

========================================================================
Received Import Request.
  path: Assets/Settings.asset
  artifactKey: Guid(6fa717e150c69aa49a061c5cebbeaba3) Importer(815301076,1909f56bfc062723c751e8b465ee728b)
Start importing Assets/Settings.asset using Guid(6fa717e150c69aa49a061c5cebbeaba3) Importer(815301076,1909f56bfc062723c751e8b465ee728b)  -> (artifact id: '2acb1249c7f333b81fe4b85dfe722287') in 0.050425 seconds
  Import took 0.054224 seconds .

========================================================================
Received Import Request.
  Time since last request: 0.114848 seconds.
  path: Assets/Settings.asset
  artifactKey: Guid(6fa717e150c69aa49a061c5cebbeaba3) Importer(815301076,1909f56bfc062723c751e8b465ee728b)
Start importing Assets/Settings.asset using Guid(6fa717e150c69aa49a061c5cebbeaba3) Importer(815301076,1909f56bfc062723c751e8b465ee728b)  -> (artifact id: '2acb1249c7f333b81fe4b85dfe722287') in 0.006441 seconds
  Import took 0.010569 seconds .

========================================================================
Received Prepare
Registering precompiled user dll's ...
Registered in 0.003313 seconds.
Begin MonoManager ReloadAssembly
Native extension for WindowsStandalone target not found
Refreshing native plugins compatible for Editor in 0.43 ms, found 0 plugins.
Preloading 0 native plugins for Editor in 0.00 ms.
Mono: successfully reloaded assembly
- Completed reload, in  1.005 seconds
Platform modules already initialized, skipping
Shader 'Universal Render Pipeline/Particles/Lit': fallback shader 'Universal Render Pipeline/Particles/SimpleLit' not found
Refreshing native plugins compatible for Editor in 0.43 ms, found 0 plugins.
Preloading 0 native plugins for Editor in 0.00 ms.
Unloading 2325 Unused Serialized files (Serialized files now loaded: 0)
System memory in use before: 180.5 MB.
System memory in use after: 180.7 MB.

Unloading 7 unused Assets to reduce memory usage. Loaded Objects now: 2890.
Total: 2.127800 ms (FindLiveObjects: 0.258900 ms CreateObjectMapping: 0.062900 ms MarkObjects: 1.786000 ms  DeleteObjects: 0.018800 ms)

========================================================================
Received Prepare
Registering precompiled user dll's ...
Registered in 0.003796 seconds.
Begin MonoManager ReloadAssembly
Native extension for WindowsStandalone target not found
Refreshing native plugins compatible for Editor in 0.43 ms, found 0 plugins.
Preloading 0 native plugins for Editor in 0.00 ms.
Mono: successfully reloaded assembly
- Completed reload, in  1.005 seconds
Platform modules already initialized, skipping
Shader 'Universal Render Pipeline/Particles/Lit': fallback shader 'Universal Render Pipeline/Particles/SimpleLit' not found
Refreshing native plugins compatible for Editor in 0.43 ms, found 0 plugins.
Preloading 0 native plugins for Editor in 0.00 ms.
Unloading 2325 Unused Serialized files (Serialized files now loaded: 0)
System memory in use before: 180.5 MB.
System memory in use after: 180.7 MB.

Unloading 7 unused Assets to reduce memory usage. Loaded Objects now: 2893.
Total: 2.183200 ms (FindLiveObjects: 0.259900 ms CreateObjectMapping: 0.062600 ms MarkObjects: 1.838400 ms  DeleteObjects: 0.020500 ms)

========================================================================
Received Prepare
Registering precompiled user dll's ...
Registered in 0.003085 seconds.
Begin MonoManager ReloadAssembly
Native extension for WindowsStandalone target not found
Refreshing native plugins compatible for Editor in 0.44 ms, found 0 plugins.
Preloading 0 native plugins for Editor in 0.00 ms.
Mono: successfully reloaded assembly
- Completed reload, in  0.999 seconds
Platform modules already initialized, skipping
Shader 'Universal Render Pipeline/Particles/Lit': fallback shader 'Universal Render Pipeline/Particles/SimpleLit' not found
Refreshing native plugins compatible for Editor in 0.52 ms, found 0 plugins.
Preloading 0 native plugins for Editor in 0.00 ms.
Unloading 2325 Unused Serialized files (Serialized files now loaded: 0)
System memory in use before: 180.6 MB.
System memory in use after: 180.8 MB.

Unloading 7 unused Assets to reduce memory usage. Loaded Objects now: 2896.
Total: 2.214800 ms (FindLiveObjects: 0.270300 ms CreateObjectMapping: 0.067200 ms MarkObjects: 1.850800 ms  DeleteObjects: 0.025300 ms)

========================================================================
Received Prepare
Registering precompiled user dll's ...
Registered in 0.003411 seconds.
Begin MonoManager ReloadAssembly
Native extension for WindowsStandalone target not found
Refreshing native plugins compatible for Editor in 0.44 ms, found 0 plugins.
Preloading 0 native plugins for Editor in 0.00 ms.
Mono: successfully reloaded assembly
- Completed reload, in  1.023 seconds
Platform modules already initialized, skipping
Shader 'Universal Render Pipeline/Particles/Lit': fallback shader 'Universal Render Pipeline/Particles/SimpleLit' not found
Refreshing native plugins compatible for Editor in 0.61 ms, found 0 plugins.
Preloading 0 native plugins for Editor in 0.00 ms.
Unloading 2325 Unused Serialized files (Serialized files now loaded: 0)
System memory in use before: 180.6 MB.
System memory in use after: 180.8 MB.

Unloading 7 unused Assets to reduce memory usage. Loaded Objects now: 2899.
Total: 2.891200 ms (FindLiveObjects: 0.371800 ms CreateObjectMapping: 0.079900 ms MarkObjects: 2.417500 ms  DeleteObjects: 0.020700 ms)

========================================================================
Received Prepare
Registering precompiled user dll's ...
Registered in 0.003512 seconds.
Begin MonoManager ReloadAssembly
Native extension for WindowsStandalone target not found
Refreshing native plugins compatible for Editor in 0.43 ms, found 0 plugins.
Preloading 0 native plugins for Editor in 0.00 ms.
Mono: successfully reloaded assembly
- Completed reload, in  1.010 seconds
Platform modules already initialized, skipping
Shader 'Universal Render Pipeline/Particles/Lit': fallback shader 'Universal Render Pipeline/Particles/SimpleLit' not found
Refreshing native plugins compatible for Editor in 0.56 ms, found 0 plugins.
Preloading 0 native plugins for Editor in 0.00 ms.
Unloading 2325 Unused Serialized files (Serialized files now loaded: 0)
System memory in use before: 180.5 MB.
System memory in use after: 180.7 MB.

Unloading 7 unused Assets to reduce memory usage. Loaded Objects now: 2902.
Total: 2.158300 ms (FindLiveObjects: 0.276700 ms CreateObjectMapping: 0.061100 ms MarkObjects: 1.795300 ms  DeleteObjects: 0.023300 ms)

========================================================================
Received Import Request.
  Time since last request: 768.849238 seconds.
  path: Assets/Prefabs/Levels/Level_1.prefab
  artifactKey: Guid(26ef2d0bf3cf5034bafd48cb89aec484) Importer(815301076,1909f56bfc062723c751e8b465ee728b)
Start importing Assets/Prefabs/Levels/Level_1.prefab using Guid(26ef2d0bf3cf5034bafd48cb89aec484) Importer(815301076,1909f56bfc062723c751e8b465ee728b)  -> (artifact id: '49412b5d51b51b02b1216ff5b07d07d4') in 0.323876 seconds
  Import took 0.328635 seconds .

========================================================================
Received Import Request.
  Time since last request: 882.627054 seconds.
  path: Assets/Prefabs/Levels/Level_1.prefab
  artifactKey: Guid(26ef2d0bf3cf5034bafd48cb89aec484) Importer(815301076,1909f56bfc062723c751e8b465ee728b)
Start importing Assets/Prefabs/Levels/Level_1.prefab using Guid(26ef2d0bf3cf5034bafd48cb89aec484) Importer(815301076,1909f56bfc062723c751e8b465ee728b)  -> (artifact id: '9829a2514637494e790af21a53e23290') in 0.036161 seconds
  Import took 0.040845 seconds .

========================================================================
Received Import Request.
  Time since last request: 467.644274 seconds.
  path: Assets/Prefabs/Levels/Level_1.prefab
  artifactKey: Guid(26ef2d0bf3cf5034bafd48cb89aec484) Importer(815301076,1909f56bfc062723c751e8b465ee728b)
Start importing Assets/Prefabs/Levels/Level_1.prefab using Guid(26ef2d0bf3cf5034bafd48cb89aec484) Importer(815301076,1909f56bfc062723c751e8b465ee728b)  -> (artifact id: 'a6d9588edeebf47c56c1d311e84ffe4e') in 0.030321 seconds
  Import took 0.035201 seconds .

========================================================================
Received Import Request.
  Time since last request: 14.937620 seconds.
  path: Assets/Prefabs/Levels/Objects.prefab
  artifactKey: Guid(c8c13766530b60747afe0988128fdc04) Importer(815301076,1909f56bfc062723c751e8b465ee728b)
Start importing Assets/Prefabs/Levels/Objects.prefab using Guid(c8c13766530b60747afe0988128fdc04) Importer(815301076,1909f56bfc062723c751e8b465ee728b)  -> (artifact id: 'b24defa4dba2cee509a356f212b8d401') in 0.026812 seconds
  Import took 0.031744 seconds .

========================================================================
Received Import Request.
  Time since last request: 15.351027 seconds.
  path: Assets/Prefabs/Levels/Level_1.prefab
  artifactKey: Guid(26ef2d0bf3cf5034bafd48cb89aec484) Importer(815301076,1909f56bfc062723c751e8b465ee728b)
Start importing Assets/Prefabs/Levels/Level_1.prefab using Guid(26ef2d0bf3cf5034bafd48cb89aec484) Importer(815301076,1909f56bfc062723c751e8b465ee728b)  -> (artifact id: '5fde2be805be77e5c55b660617bb9b22') in 0.037814 seconds
  Import took 0.043098 seconds .

========================================================================
Received Import Request.
  Time since last request: 214.433575 seconds.
  path: Assets/Prefabs/Levels/Level_1.prefab
  artifactKey: Guid(26ef2d0bf3cf5034bafd48cb89aec484) Importer(815301076,1909f56bfc062723c751e8b465ee728b)
Start importing Assets/Prefabs/Levels/Level_1.prefab using Guid(26ef2d0bf3cf5034bafd48cb89aec484) Importer(815301076,1909f56bfc062723c751e8b465ee728b)  -> (artifact id: 'e76ca3ac08f66106c4d276ae17cd99a0') in 0.029312 seconds
  Import took 0.033925 seconds .

========================================================================
Received Import Request.
  Time since last request: 0.000251 seconds.
  path: Assets/Prefabs/Levels/Objects.prefab
  artifactKey: Guid(c8c13766530b60747afe0988128fdc04) Importer(815301076,1909f56bfc062723c751e8b465ee728b)
Start importing Assets/Prefabs/Levels/Objects.prefab using Guid(c8c13766530b60747afe0988128fdc04) Importer(815301076,1909f56bfc062723c751e8b465ee728b)  -> (artifact id: 'b945322b713e354e79a82a790435dc94') in 0.020317 seconds
  Import took 0.025419 seconds .

========================================================================
Received Import Request.
  Time since last request: 41.714275 seconds.
  path: Assets/Prefabs/Levels/Objects (1).prefab
  artifactKey: Guid(7255c3f48127e8d4cbc649223a9d261d) Importer(815301076,1909f56bfc062723c751e8b465ee728b)
Start importing Assets/Prefabs/Levels/Objects (1).prefab using Guid(7255c3f48127e8d4cbc649223a9d261d) Importer(815301076,1909f56bfc062723c751e8b465ee728b)  -> (artifact id: '5a6551977be201443c46584545c4e1d3') in 0.020187 seconds
  Import took 0.025085 seconds .

========================================================================
Received Import Request.
  Time since last request: 27.846673 seconds.
  path: Assets/Prefabs/Levels/ObjectsLeft.prefab
  artifactKey: Guid(7255c3f48127e8d4cbc649223a9d261d) Importer(815301076,1909f56bfc062723c751e8b465ee728b)
Start importing Assets/Prefabs/Levels/ObjectsLeft.prefab using Guid(7255c3f48127e8d4cbc649223a9d261d) Importer(815301076,1909f56bfc062723c751e8b465ee728b)  -> (artifact id: '0be0201bd3d05be3bfb9187fece26f17') in 0.021026 seconds
  Import took 0.026511 seconds .

========================================================================
Received Import Request.
  Time since last request: 4.685401 seconds.
  path: Assets/Prefabs/Levels/Objects (1).prefab
  artifactKey: Guid(7255c3f48127e8d4cbc649223a9d261d) Importer(815301076,1909f56bfc062723c751e8b465ee728b)
Start importing Assets/Prefabs/Levels/Objects (1).prefab using Guid(7255c3f48127e8d4cbc649223a9d261d) Importer(815301076,1909f56bfc062723c751e8b465ee728b)  -> (artifact id: '8bb6eeebb44bf3da360ccb7b206742aa') in 0.019560 seconds
  Import took 0.024213 seconds .

========================================================================
Received Import Request.
  Time since last request: 10.430222 seconds.
  path: Assets/Prefabs/Levels/ObjectsLeft.prefab
  artifactKey: Guid(7255c3f48127e8d4cbc649223a9d261d) Importer(815301076,1909f56bfc062723c751e8b465ee728b)
Start importing Assets/Prefabs/Levels/ObjectsLeft.prefab using Guid(7255c3f48127e8d4cbc649223a9d261d) Importer(815301076,1909f56bfc062723c751e8b465ee728b)  -> (artifact id: '70668573d8da4a351d3133070d58ff72') in 0.011695 seconds
  Import took 0.016496 seconds .

========================================================================
Received Import Request.
  Time since last request: 21.007106 seconds.
  path: Assets/Prefabs/Levels/Objects (1).prefab
  artifactKey: Guid(404c658128eb6c344af17f2f4afabf12) Importer(815301076,1909f56bfc062723c751e8b465ee728b)
Start importing Assets/Prefabs/Levels/Objects (1).prefab using Guid(404c658128eb6c344af17f2f4afabf12) Importer(815301076,1909f56bfc062723c751e8b465ee728b)  -> (artifact id: '3d65c787a67da7249636ae8be718f4d1') in 0.017820 seconds
  Import took 0.022089 seconds .

========================================================================
Received Import Request.
  Time since last request: 18.625076 seconds.
  path: Assets/Prefabs/Levels/Objects (1).prefab
  artifactKey: Guid(404c658128eb6c344af17f2f4afabf12) Importer(815301076,1909f56bfc062723c751e8b465ee728b)
Start importing Assets/Prefabs/Levels/Objects (1).prefab using Guid(404c658128eb6c344af17f2f4afabf12) Importer(815301076,1909f56bfc062723c751e8b465ee728b)  -> (artifact id: 'dc3fe91c7088ebc2696e87675c8a9449') in 0.015807 seconds
  Import took 0.020485 seconds .

========================================================================
Received Import Request.
  Time since last request: 5.595763 seconds.
  path: Assets/Prefabs/Levels/ObjectsRight.prefab
  artifactKey: Guid(404c658128eb6c344af17f2f4afabf12) Importer(815301076,1909f56bfc062723c751e8b465ee728b)
Start importing Assets/Prefabs/Levels/ObjectsRight.prefab using Guid(404c658128eb6c344af17f2f4afabf12) Importer(815301076,1909f56bfc062723c751e8b465ee728b)  -> (artifact id: '5f5979687268f09cfdc1c03abfb83103') in 0.015821 seconds
  Import took 0.020564 seconds .

========================================================================
Received Import Request.
  Time since last request: 100.645157 seconds.
  path: Assets/Prefabs/Levels/Level_5.prefab
  artifactKey: Guid(7eddd742ed4d4f7458534ab2419aaa96) Importer(815301076,1909f56bfc062723c751e8b465ee728b)
Start importing Assets/Prefabs/Levels/Level_5.prefab using Guid(7eddd742ed4d4f7458534ab2419aaa96) Importer(815301076,1909f56bfc062723c751e8b465ee728b)  -> (artifact id: '071aa001382c0032d99b7a1bdca8bc1b') in 0.040761 seconds
  Import took 0.045992 seconds .

========================================================================
Received Import Request.
  Time since last request: 709.713779 seconds.
  path: Assets/Prefabs/Levels/Level_1.prefab
  artifactKey: Guid(26ef2d0bf3cf5034bafd48cb89aec484) Importer(815301076,1909f56bfc062723c751e8b465ee728b)
Start importing Assets/Prefabs/Levels/Level_1.prefab using Guid(26ef2d0bf3cf5034bafd48cb89aec484) Importer(815301076,1909f56bfc062723c751e8b465ee728b)  -> (artifact id: '8c25a23610885f96d8d3bf0f5dbd30d2') in 0.025754 seconds
  Import took 0.030577 seconds .

========================================================================
Received Import Request.
  Time since last request: 48.044377 seconds.
  path: Assets/Prefabs/Levels/Level_2.prefab
  artifactKey: Guid(701017e7dd9d92743971117e9a623c47) Importer(815301076,1909f56bfc062723c751e8b465ee728b)
Start importing Assets/Prefabs/Levels/Level_2.prefab using Guid(701017e7dd9d92743971117e9a623c47) Importer(815301076,1909f56bfc062723c751e8b465ee728b)  -> (artifact id: '7cd920ee38aceccd05822d89edc152a6') in 0.030019 seconds
  Import took 0.034588 seconds .

========================================================================
Received Import Request.
  Time since last request: 34.297798 seconds.
  path: Assets/Prefabs/Levels/Level_2.prefab
  artifactKey: Guid(701017e7dd9d92743971117e9a623c47) Importer(815301076,1909f56bfc062723c751e8b465ee728b)
Start importing Assets/Prefabs/Levels/Level_2.prefab using Guid(701017e7dd9d92743971117e9a623c47) Importer(815301076,1909f56bfc062723c751e8b465ee728b)  -> (artifact id: '2aa26aedb8a6fc4508375c9000070c28') in 0.030134 seconds
  Import took 0.034865 seconds .

========================================================================
Received Import Request.
  Time since last request: 13.723111 seconds.
  path: Assets/Prefabs/Levels/Level_2.prefab
  artifactKey: Guid(701017e7dd9d92743971117e9a623c47) Importer(815301076,1909f56bfc062723c751e8b465ee728b)
Start importing Assets/Prefabs/Levels/Level_2.prefab using Guid(701017e7dd9d92743971117e9a623c47) Importer(815301076,1909f56bfc062723c751e8b465ee728b)  -> (artifact id: '7972c49744724a7616f7bc98df8b3736') in 0.025729 seconds
  Import took 0.030418 seconds .

========================================================================
Received Prepare
Registering precompiled user dll's ...
Registered in 0.003632 seconds.
Begin MonoManager ReloadAssembly
Native extension for WindowsStandalone target not found
Refreshing native plugins compatible for Editor in 0.57 ms, found 0 plugins.
Preloading 0 native plugins for Editor in 0.00 ms.
Mono: successfully reloaded assembly
- Completed reload, in  1.133 seconds
Platform modules already initialized, skipping
Shader 'Universal Render Pipeline/Particles/Lit': fallback shader 'Universal Render Pipeline/Particles/SimpleLit' not found
Refreshing native plugins compatible for Editor in 0.44 ms, found 0 plugins.
Preloading 0 native plugins for Editor in 0.00 ms.
Unloading 2325 Unused Serialized files (Serialized files now loaded: 0)
System memory in use before: 186.3 MB.
System memory in use after: 186.5 MB.

Unloading 7 unused Assets to reduce memory usage. Loaded Objects now: 2950.
Total: 2.257900 ms (FindLiveObjects: 0.262100 ms CreateObjectMapping: 0.063600 ms MarkObjects: 1.915000 ms  DeleteObjects: 0.015600 ms)

========================================================================
Received Prepare
Registering precompiled user dll's ...
Registered in 0.003087 seconds.
Begin MonoManager ReloadAssembly
Native extension for WindowsStandalone target not found
Refreshing native plugins compatible for Editor in 0.44 ms, found 0 plugins.
Preloading 0 native plugins for Editor in 0.00 ms.
Mono: successfully reloaded assembly
- Completed reload, in  0.988 seconds
Platform modules already initialized, skipping
Shader 'Universal Render Pipeline/Particles/Lit': fallback shader 'Universal Render Pipeline/Particles/SimpleLit' not found
Refreshing native plugins compatible for Editor in 0.46 ms, found 0 plugins.
Preloading 0 native plugins for Editor in 0.00 ms.
Unloading 2325 Unused Serialized files (Serialized files now loaded: 0)
System memory in use before: 186.3 MB.
System memory in use after: 186.5 MB.

Unloading 7 unused Assets to reduce memory usage. Loaded Objects now: 2953.
Total: 3.621300 ms (FindLiveObjects: 0.303000 ms CreateObjectMapping: 0.064400 ms MarkObjects: 3.231500 ms  DeleteObjects: 0.020300 ms)

========================================================================
Received Import Request.
  Time since last request: 390.947912 seconds.
  path: Assets/Prefabs/Levels/Level_2.prefab
  artifactKey: Guid(701017e7dd9d92743971117e9a623c47) Importer(815301076,1909f56bfc062723c751e8b465ee728b)
Start importing Assets/Prefabs/Levels/Level_2.prefab using Guid(701017e7dd9d92743971117e9a623c47) Importer(815301076,1909f56bfc062723c751e8b465ee728b)  -> (artifact id: 'd7c1b0ce94a33c08484ca9135c757b57') in 0.193693 seconds
  Import took 0.198640 seconds .

========================================================================
Received Import Request.
  Time since last request: 35.441707 seconds.
  path: Assets/Prefabs/Levels/Level_3.prefab
  artifactKey: Guid(1b6e4c8fb92354c4a8ce6225ad70a76b) Importer(815301076,1909f56bfc062723c751e8b465ee728b)
Start importing Assets/Prefabs/Levels/Level_3.prefab using Guid(1b6e4c8fb92354c4a8ce6225ad70a76b) Importer(815301076,1909f56bfc062723c751e8b465ee728b)  -> (artifact id: '6178420e1143a0e481d8b78b9bb4a7d8') in 0.025942 seconds
  Import took 0.030528 seconds .

========================================================================
Received Import Request.
  Time since last request: 73.288792 seconds.
  path: Assets/Prefabs/Levels/Level_3.prefab
  artifactKey: Guid(1b6e4c8fb92354c4a8ce6225ad70a76b) Importer(815301076,1909f56bfc062723c751e8b465ee728b)
Start importing Assets/Prefabs/Levels/Level_3.prefab using Guid(1b6e4c8fb92354c4a8ce6225ad70a76b) Importer(815301076,1909f56bfc062723c751e8b465ee728b)  -> (artifact id: '649e7b9018510de40dac1ce07866b08d') in 0.026476 seconds
  Import took 0.031400 seconds .

========================================================================
Received Import Request.
  Time since last request: 349.380328 seconds.
  path: Assets/Prefabs/Levels/Level_3.prefab
  artifactKey: Guid(1b6e4c8fb92354c4a8ce6225ad70a76b) Importer(815301076,1909f56bfc062723c751e8b465ee728b)
Start importing Assets/Prefabs/Levels/Level_3.prefab using Guid(1b6e4c8fb92354c4a8ce6225ad70a76b) Importer(815301076,1909f56bfc062723c751e8b465ee728b)  -> (artifact id: 'acd258204dffade7c15efd3a8733f291') in 0.031237 seconds
  Import took 0.043758 seconds .

========================================================================
Received Import Request.
  Time since last request: 137.265229 seconds.
  path: Assets/Prefabs/Levels/Objects (1).prefab
  artifactKey: Guid(3a9d1bd65b8622948840feb9763a281e) Importer(815301076,1909f56bfc062723c751e8b465ee728b)
Start importing Assets/Prefabs/Levels/Objects (1).prefab using Guid(3a9d1bd65b8622948840feb9763a281e) Importer(815301076,1909f56bfc062723c751e8b465ee728b)  -> (artifact id: '2bce3607b915fd76ff14a804cf732537') in 0.017382 seconds
  Import took 0.021634 seconds .

========================================================================
Received Import Request.
  Time since last request: 10.593561 seconds.
  path: Assets/Prefabs/Levels/Level_4.prefab
  artifactKey: Guid(b234afb147869ba4c867c65f3f6d548f) Importer(815301076,1909f56bfc062723c751e8b465ee728b)
Start importing Assets/Prefabs/Levels/Level_4.prefab using Guid(b234afb147869ba4c867c65f3f6d548f) Importer(815301076,1909f56bfc062723c751e8b465ee728b)  -> (artifact id: 'e30345a8a4de9e063cf4a9719ff961da') in 0.064616 seconds
  Import took 0.070929 seconds .

========================================================================
Received Import Request.
  Time since last request: 9.341871 seconds.
  path: Assets/Prefabs/Levels/Level_4.prefab
  artifactKey: Guid(b234afb147869ba4c867c65f3f6d548f) Importer(815301076,1909f56bfc062723c751e8b465ee728b)
Start importing Assets/Prefabs/Levels/Level_4.prefab using Guid(b234afb147869ba4c867c65f3f6d548f) Importer(815301076,1909f56bfc062723c751e8b465ee728b)  -> (artifact id: '065ebf679c6186cd7e7bd4514e98da98') in 0.028462 seconds
  Import took 0.034022 seconds .

========================================================================
Received Import Request.
  Time since last request: 0.000291 seconds.
  path: Assets/Prefabs/Levels/Objects (1).prefab
  artifactKey: Guid(3a9d1bd65b8622948840feb9763a281e) Importer(815301076,1909f56bfc062723c751e8b465ee728b)
Start importing Assets/Prefabs/Levels/Objects (1).prefab using Guid(3a9d1bd65b8622948840feb9763a281e) Importer(815301076,1909f56bfc062723c751e8b465ee728b)  -> (artifact id: '0cf3716a68160d9270f10636b66fa7c3') in 0.016074 seconds
  Import took 0.020374 seconds .

========================================================================
Received Import Request.
  Time since last request: 39.765697 seconds.
  path: Assets/Prefabs/Levels/Level_4.prefab
  artifactKey: Guid(b234afb147869ba4c867c65f3f6d548f) Importer(815301076,1909f56bfc062723c751e8b465ee728b)
Start importing Assets/Prefabs/Levels/Level_4.prefab using Guid(b234afb147869ba4c867c65f3f6d548f) Importer(815301076,1909f56bfc062723c751e8b465ee728b)  -> (artifact id: '06388e7a1983c38363e5356416ef6af8') in 0.026650 seconds
  Import took 0.032281 seconds .

========================================================================
Received Import Request.
  Time since last request: 683.362388 seconds.
  path: Assets/Prefabs/Levels/Level_4.prefab
  artifactKey: Guid(b234afb147869ba4c867c65f3f6d548f) Importer(815301076,1909f56bfc062723c751e8b465ee728b)
Start importing Assets/Prefabs/Levels/Level_4.prefab using Guid(b234afb147869ba4c867c65f3f6d548f) Importer(815301076,1909f56bfc062723c751e8b465ee728b)  -> (artifact id: '2a1ca172e73a406c21072e8ea2904209') in 0.040257 seconds
  Import took 0.045345 seconds .

========================================================================
Received Prepare
Registering precompiled user dll's ...
Registered in 0.003313 seconds.
Begin MonoManager ReloadAssembly
Native extension for WindowsStandalone target not found
Refreshing native plugins compatible for Editor in 0.43 ms, found 0 plugins.
Preloading 0 native plugins for Editor in 0.00 ms.
Mono: successfully reloaded assembly
- Completed reload, in  1.032 seconds
Platform modules already initialized, skipping
Shader 'Universal Render Pipeline/Particles/Lit': fallback shader 'Universal Render Pipeline/Particles/SimpleLit' not found
Refreshing native plugins compatible for Editor in 0.43 ms, found 0 plugins.
Preloading 0 native plugins for Editor in 0.00 ms.
Unloading 2325 Unused Serialized files (Serialized files now loaded: 0)
System memory in use before: 187.2 MB.
System memory in use after: 187.5 MB.

Unloading 7 unused Assets to reduce memory usage. Loaded Objects now: 2992.
Total: 2.427400 ms (FindLiveObjects: 0.298300 ms CreateObjectMapping: 0.064000 ms MarkObjects: 2.045500 ms  DeleteObjects: 0.017900 ms)

========================================================================
Received Prepare
Registering precompiled user dll's ...
Registered in 0.003090 seconds.
Begin MonoManager ReloadAssembly
Native extension for WindowsStandalone target not found
Refreshing native plugins compatible for Editor in 0.44 ms, found 0 plugins.
Preloading 0 native plugins for Editor in 0.00 ms.
Mono: successfully reloaded assembly
- Completed reload, in  1.043 seconds
Platform modules already initialized, skipping
Shader 'Universal Render Pipeline/Particles/Lit': fallback shader 'Universal Render Pipeline/Particles/SimpleLit' not found
Refreshing native plugins compatible for Editor in 0.56 ms, found 0 plugins.
Preloading 0 native plugins for Editor in 0.00 ms.
Unloading 2325 Unused Serialized files (Serialized files now loaded: 0)
System memory in use before: 187.3 MB.
System memory in use after: 187.5 MB.

Unloading 7 unused Assets to reduce memory usage. Loaded Objects now: 2995.
Total: 2.637600 ms (FindLiveObjects: 0.289300 ms CreateObjectMapping: 0.066700 ms MarkObjects: 2.262200 ms  DeleteObjects: 0.017600 ms)

========================================================================
Received Prepare
Registering precompiled user dll's ...
Registered in 0.003087 seconds.
Begin MonoManager ReloadAssembly
Native extension for WindowsStandalone target not found
Refreshing native plugins compatible for Editor in 0.43 ms, found 0 plugins.
Preloading 0 native plugins for Editor in 0.00 ms.
Mono: successfully reloaded assembly
- Completed reload, in  1.017 seconds
Platform modules already initialized, skipping
Shader 'Universal Render Pipeline/Particles/Lit': fallback shader 'Universal Render Pipeline/Particles/SimpleLit' not found
Refreshing native plugins compatible for Editor in 0.45 ms, found 0 plugins.
Preloading 0 native plugins for Editor in 0.00 ms.
Unloading 2325 Unused Serialized files (Serialized files now loaded: 0)
System memory in use before: 187.2 MB.
System memory in use after: 187.4 MB.

Unloading 7 unused Assets to reduce memory usage. Loaded Objects now: 2998.
Total: 2.365600 ms (FindLiveObjects: 0.300500 ms CreateObjectMapping: 0.070900 ms MarkObjects: 1.972900 ms  DeleteObjects: 0.019600 ms)

========================================================================
Received Prepare
Registering precompiled user dll's ...
Registered in 0.004461 seconds.
Begin MonoManager ReloadAssembly
Native extension for WindowsStandalone target not found
Refreshing native plugins compatible for Editor in 0.43 ms, found 0 plugins.
Preloading 0 native plugins for Editor in 0.00 ms.
Mono: successfully reloaded assembly
- Completed reload, in  1.046 seconds
Platform modules already initialized, skipping
Shader 'Universal Render Pipeline/Particles/Lit': fallback shader 'Universal Render Pipeline/Particles/SimpleLit' not found
Refreshing native plugins compatible for Editor in 0.58 ms, found 0 plugins.
Preloading 0 native plugins for Editor in 0.00 ms.
Unloading 2325 Unused Serialized files (Serialized files now loaded: 0)
System memory in use before: 187.3 MB.
System memory in use after: 187.5 MB.

Unloading 7 unused Assets to reduce memory usage. Loaded Objects now: 3001.
Total: 2.651100 ms (FindLiveObjects: 0.384600 ms CreateObjectMapping: 0.079300 ms MarkObjects: 2.168700 ms  DeleteObjects: 0.017300 ms)

========================================================================
Received Prepare
Registering precompiled user dll's ...
Registered in 0.003356 seconds.
Begin MonoManager ReloadAssembly
Native extension for WindowsStandalone target not found
Refreshing native plugins compatible for Editor in 0.44 ms, found 0 plugins.
Preloading 0 native plugins for Editor in 0.00 ms.
Mono: successfully reloaded assembly
- Completed reload, in  1.025 seconds
Platform modules already initialized, skipping
Shader 'Universal Render Pipeline/Particles/Lit': fallback shader 'Universal Render Pipeline/Particles/SimpleLit' not found
Refreshing native plugins compatible for Editor in 0.43 ms, found 0 plugins.
Preloading 0 native plugins for Editor in 0.00 ms.
Unloading 2325 Unused Serialized files (Serialized files now loaded: 0)
System memory in use before: 187.3 MB.
System memory in use after: 187.5 MB.

Unloading 7 unused Assets to reduce memory usage. Loaded Objects now: 3004.
Total: 2.447600 ms (FindLiveObjects: 0.269500 ms CreateObjectMapping: 0.063000 ms MarkObjects: 2.095500 ms  DeleteObjects: 0.018300 ms)

========================================================================
Received Prepare
Registering precompiled user dll's ...
Registered in 0.003664 seconds.
Begin MonoManager ReloadAssembly
Native extension for WindowsStandalone target not found
Refreshing native plugins compatible for Editor in 0.43 ms, found 0 plugins.
Preloading 0 native plugins for Editor in 0.00 ms.
Mono: successfully reloaded assembly
- Completed reload, in  1.031 seconds
Platform modules already initialized, skipping
Shader 'Universal Render Pipeline/Particles/Lit': fallback shader 'Universal Render Pipeline/Particles/SimpleLit' not found
Refreshing native plugins compatible for Editor in 0.44 ms, found 0 plugins.
Preloading 0 native plugins for Editor in 0.00 ms.
Unloading 2325 Unused Serialized files (Serialized files now loaded: 0)
System memory in use before: 187.3 MB.
System memory in use after: 187.5 MB.

Unloading 7 unused Assets to reduce memory usage. Loaded Objects now: 3007.
Total: 2.283200 ms (FindLiveObjects: 0.289700 ms CreateObjectMapping: 0.064000 ms MarkObjects: 1.912800 ms  DeleteObjects: 0.015200 ms)

========================================================================
Received Prepare
Registering precompiled user dll's ...
Registered in 0.003110 seconds.
Begin MonoManager ReloadAssembly
Native extension for WindowsStandalone target not found
Refreshing native plugins compatible for Editor in 0.60 ms, found 0 plugins.
Preloading 0 native plugins for Editor in 0.00 ms.
Mono: successfully reloaded assembly
- Completed reload, in  1.050 seconds
Platform modules already initialized, skipping
Shader 'Universal Render Pipeline/Particles/Lit': fallback shader 'Universal Render Pipeline/Particles/SimpleLit' not found
Refreshing native plugins compatible for Editor in 0.46 ms, found 0 plugins.
Preloading 0 native plugins for Editor in 0.00 ms.
Unloading 2325 Unused Serialized files (Serialized files now loaded: 0)
System memory in use before: 187.3 MB.
System memory in use after: 187.5 MB.

Unloading 7 unused Assets to reduce memory usage. Loaded Objects now: 3010.
Total: 2.245600 ms (FindLiveObjects: 0.265000 ms CreateObjectMapping: 0.062300 ms MarkObjects: 1.902000 ms  DeleteObjects: 0.015100 ms)

========================================================================
Received Prepare
Registering precompiled user dll's ...
Registered in 0.004028 seconds.
Begin MonoManager ReloadAssembly
Native extension for WindowsStandalone target not found
Refreshing native plugins compatible for Editor in 0.43 ms, found 0 plugins.
Preloading 0 native plugins for Editor in 0.00 ms.
Mono: successfully reloaded assembly
- Completed reload, in  1.026 seconds
Platform modules already initialized, skipping
Shader 'Universal Render Pipeline/Particles/Lit': fallback shader 'Universal Render Pipeline/Particles/SimpleLit' not found
Refreshing native plugins compatible for Editor in 0.93 ms, found 0 plugins.
Preloading 0 native plugins for Editor in 0.00 ms.
Unloading 2325 Unused Serialized files (Serialized files now loaded: 0)
System memory in use before: 187.2 MB.
System memory in use after: 187.4 MB.

Unloading 7 unused Assets to reduce memory usage. Loaded Objects now: 3013.
Total: 2.712600 ms (FindLiveObjects: 0.302700 ms CreateObjectMapping: 0.070000 ms MarkObjects: 2.316400 ms  DeleteObjects: 0.021600 ms)

========================================================================
Received Prepare
Registering precompiled user dll's ...
Registered in 0.003739 seconds.
Begin MonoManager ReloadAssembly
Native extension for WindowsStandalone target not found
Refreshing native plugins compatible for Editor in 0.43 ms, found 0 plugins.
Preloading 0 native plugins for Editor in 0.00 ms.
Mono: successfully reloaded assembly
- Completed reload, in  1.009 seconds
Platform modules already initialized, skipping
Shader 'Universal Render Pipeline/Particles/Lit': fallback shader 'Universal Render Pipeline/Particles/SimpleLit' not found
Refreshing native plugins compatible for Editor in 0.44 ms, found 0 plugins.
Preloading 0 native plugins for Editor in 0.00 ms.
Unloading 2325 Unused Serialized files (Serialized files now loaded: 0)
System memory in use before: 187.3 MB.
System memory in use after: 187.5 MB.

Unloading 7 unused Assets to reduce memory usage. Loaded Objects now: 3016.
Total: 2.250700 ms (FindLiveObjects: 0.268500 ms CreateObjectMapping: 0.066300 ms MarkObjects: 1.900500 ms  DeleteObjects: 0.014100 ms)

========================================================================
Received Prepare
Registering precompiled user dll's ...
Registered in 0.003211 seconds.
Begin MonoManager ReloadAssembly
Native extension for WindowsStandalone target not found
Refreshing native plugins compatible for Editor in 0.44 ms, found 0 plugins.
Preloading 0 native plugins for Editor in 0.00 ms.
Mono: successfully reloaded assembly
- Completed reload, in  1.013 seconds
Platform modules already initialized, skipping
Shader 'Universal Render Pipeline/Particles/Lit': fallback shader 'Universal Render Pipeline/Particles/SimpleLit' not found
Refreshing native plugins compatible for Editor in 0.43 ms, found 0 plugins.
Preloading 0 native plugins for Editor in 0.00 ms.
Unloading 2325 Unused Serialized files (Serialized files now loaded: 0)
System memory in use before: 187.3 MB.
System memory in use after: 187.5 MB.

Unloading 7 unused Assets to reduce memory usage. Loaded Objects now: 3019.
Total: 2.290000 ms (FindLiveObjects: 0.284700 ms CreateObjectMapping: 0.064000 ms MarkObjects: 1.924500 ms  DeleteObjects: 0.016100 ms)

========================================================================
Received Prepare
Registering precompiled user dll's ...
Registered in 0.003318 seconds.
Begin MonoManager ReloadAssembly
Native extension for WindowsStandalone target not found
Refreshing native plugins compatible for Editor in 0.44 ms, found 0 plugins.
Preloading 0 native plugins for Editor in 0.00 ms.
Mono: successfully reloaded assembly
- Completed reload, in  0.991 seconds
Platform modules already initialized, skipping
Shader 'Universal Render Pipeline/Particles/Lit': fallback shader 'Universal Render Pipeline/Particles/SimpleLit' not found
Refreshing native plugins compatible for Editor in 0.44 ms, found 0 plugins.
Preloading 0 native plugins for Editor in 0.00 ms.
Unloading 2325 Unused Serialized files (Serialized files now loaded: 0)
System memory in use before: 187.3 MB.
System memory in use after: 187.5 MB.

Unloading 7 unused Assets to reduce memory usage. Loaded Objects now: 3022.
Total: 2.225600 ms (FindLiveObjects: 0.281500 ms CreateObjectMapping: 0.060700 ms MarkObjects: 1.867700 ms  DeleteObjects: 0.014800 ms)

========================================================================
Received Prepare
Registering precompiled user dll's ...
Registered in 0.003098 seconds.
Begin MonoManager ReloadAssembly
Native extension for WindowsStandalone target not found
Refreshing native plugins compatible for Editor in 0.48 ms, found 0 plugins.
Preloading 0 native plugins for Editor in 0.00 ms.
Mono: successfully reloaded assembly
- Completed reload, in  1.013 seconds
Platform modules already initialized, skipping
Shader 'Universal Render Pipeline/Particles/Lit': fallback shader 'Universal Render Pipeline/Particles/SimpleLit' not found
Refreshing native plugins compatible for Editor in 0.50 ms, found 0 plugins.
Preloading 0 native plugins for Editor in 0.00 ms.
Unloading 2325 Unused Serialized files (Serialized files now loaded: 0)
System memory in use before: 187.3 MB.
System memory in use after: 187.5 MB.

Unloading 7 unused Assets to reduce memory usage. Loaded Objects now: 3025.
Total: 2.305900 ms (FindLiveObjects: 0.299000 ms CreateObjectMapping: 0.062000 ms MarkObjects: 1.899300 ms  DeleteObjects: 0.044600 ms)

========================================================================
Received Prepare
Registering precompiled user dll's ...
Registered in 0.003245 seconds.
Begin MonoManager ReloadAssembly
Native extension for WindowsStandalone target not found
Refreshing native plugins compatible for Editor in 0.43 ms, found 0 plugins.
Preloading 0 native plugins for Editor in 0.00 ms.
Mono: successfully reloaded assembly
- Completed reload, in  1.084 seconds
Platform modules already initialized, skipping
Shader 'Universal Render Pipeline/Particles/Lit': fallback shader 'Universal Render Pipeline/Particles/SimpleLit' not found
Refreshing native plugins compatible for Editor in 0.47 ms, found 0 plugins.
Preloading 0 native plugins for Editor in 0.00 ms.
Unloading 2325 Unused Serialized files (Serialized files now loaded: 0)
System memory in use before: 187.2 MB.
System memory in use after: 187.4 MB.

Unloading 7 unused Assets to reduce memory usage. Loaded Objects now: 3028.
Total: 2.277800 ms (FindLiveObjects: 0.263100 ms CreateObjectMapping: 0.064200 ms MarkObjects: 1.934200 ms  DeleteObjects: 0.015100 ms)

========================================================================
Received Prepare
Registering precompiled user dll's ...
Registered in 0.003887 seconds.
Begin MonoManager ReloadAssembly
Native extension for WindowsStandalone target not found
Refreshing native plugins compatible for Editor in 0.44 ms, found 0 plugins.
Preloading 0 native plugins for Editor in 0.00 ms.
Mono: successfully reloaded assembly
- Completed reload, in  1.054 seconds
Platform modules already initialized, skipping
Shader 'Universal Render Pipeline/Particles/Lit': fallback shader 'Universal Render Pipeline/Particles/SimpleLit' not found
Refreshing native plugins compatible for Editor in 0.74 ms, found 0 plugins.
Preloading 0 native plugins for Editor in 0.00 ms.
Unloading 2325 Unused Serialized files (Serialized files now loaded: 0)
System memory in use before: 187.3 MB.
System memory in use after: 187.5 MB.

Unloading 7 unused Assets to reduce memory usage. Loaded Objects now: 3031.
Total: 2.307800 ms (FindLiveObjects: 0.258800 ms CreateObjectMapping: 0.067900 ms MarkObjects: 1.963100 ms  DeleteObjects: 0.016800 ms)

========================================================================
Received Prepare
Registering precompiled user dll's ...
Registered in 0.004251 seconds.
Begin MonoManager ReloadAssembly
Native extension for WindowsStandalone target not found
Refreshing native plugins compatible for Editor in 0.57 ms, found 0 plugins.
Preloading 0 native plugins for Editor in 0.00 ms.
Mono: successfully reloaded assembly
- Completed reload, in  1.031 seconds
Platform modules already initialized, skipping
Shader 'Universal Render Pipeline/Particles/Lit': fallback shader 'Universal Render Pipeline/Particles/SimpleLit' not found
Refreshing native plugins compatible for Editor in 0.44 ms, found 0 plugins.
Preloading 0 native plugins for Editor in 0.00 ms.
Unloading 2325 Unused Serialized files (Serialized files now loaded: 0)
System memory in use before: 187.3 MB.
System memory in use after: 187.6 MB.

Unloading 7 unused Assets to reduce memory usage. Loaded Objects now: 3034.
Total: 2.388700 ms (FindLiveObjects: 0.317700 ms CreateObjectMapping: 0.064200 ms MarkObjects: 1.989000 ms  DeleteObjects: 0.016400 ms)

========================================================================
Received Prepare
Registering precompiled user dll's ...
Registered in 0.003291 seconds.
Begin MonoManager ReloadAssembly
Native extension for WindowsStandalone target not found
Refreshing native plugins compatible for Editor in 0.45 ms, found 0 plugins.
Preloading 0 native plugins for Editor in 0.00 ms.
Mono: successfully reloaded assembly
- Completed reload, in  1.042 seconds
Platform modules already initialized, skipping
Shader 'Universal Render Pipeline/Particles/Lit': fallback shader 'Universal Render Pipeline/Particles/SimpleLit' not found
Refreshing native plugins compatible for Editor in 0.46 ms, found 0 plugins.
Preloading 0 native plugins for Editor in 0.00 ms.
Unloading 2325 Unused Serialized files (Serialized files now loaded: 0)
System memory in use before: 187.3 MB.
System memory in use after: 187.6 MB.

Unloading 7 unused Assets to reduce memory usage. Loaded Objects now: 3037.
Total: 2.298000 ms (FindLiveObjects: 0.280700 ms CreateObjectMapping: 0.064100 ms MarkObjects: 1.936000 ms  DeleteObjects: 0.016200 ms)

========================================================================
Received Prepare
Registering precompiled user dll's ...
Registered in 0.005359 seconds.
Begin MonoManager ReloadAssembly
Native extension for WindowsStandalone target not found
Refreshing native plugins compatible for Editor in 0.44 ms, found 0 plugins.
Preloading 0 native plugins for Editor in 0.00 ms.
Mono: successfully reloaded assembly
- Completed reload, in  1.039 seconds
Platform modules already initialized, skipping
Shader 'Universal Render Pipeline/Particles/Lit': fallback shader 'Universal Render Pipeline/Particles/SimpleLit' not found
Refreshing native plugins compatible for Editor in 0.58 ms, found 0 plugins.
Preloading 0 native plugins for Editor in 0.00 ms.
Unloading 2325 Unused Serialized files (Serialized files now loaded: 0)
System memory in use before: 187.3 MB.
System memory in use after: 187.6 MB.

Unloading 7 unused Assets to reduce memory usage. Loaded Objects now: 3040.
Total: 2.503200 ms (FindLiveObjects: 0.313200 ms CreateObjectMapping: 0.066300 ms MarkObjects: 2.102900 ms  DeleteObjects: 0.019500 ms)

========================================================================
Received Prepare
Registering precompiled user dll's ...
Registered in 0.004134 seconds.
Begin MonoManager ReloadAssembly
Native extension for WindowsStandalone target not found
Refreshing native plugins compatible for Editor in 0.58 ms, found 0 plugins.
Preloading 0 native plugins for Editor in 0.00 ms.
Mono: successfully reloaded assembly
- Completed reload, in  1.024 seconds
Platform modules already initialized, skipping
Shader 'Universal Render Pipeline/Particles/Lit': fallback shader 'Universal Render Pipeline/Particles/SimpleLit' not found
Refreshing native plugins compatible for Editor in 0.48 ms, found 0 plugins.
Preloading 0 native plugins for Editor in 0.00 ms.
Unloading 2325 Unused Serialized files (Serialized files now loaded: 0)
System memory in use before: 187.3 MB.
System memory in use after: 187.5 MB.

Unloading 7 unused Assets to reduce memory usage. Loaded Objects now: 3043.
Total: 2.307700 ms (FindLiveObjects: 0.301500 ms CreateObjectMapping: 0.065100 ms MarkObjects: 1.924300 ms  DeleteObjects: 0.016000 ms)

========================================================================
Received Prepare
Registering precompiled user dll's ...
Registered in 0.003304 seconds.
Begin MonoManager ReloadAssembly
Native extension for WindowsStandalone target not found
Refreshing native plugins compatible for Editor in 0.63 ms, found 0 plugins.
Preloading 0 native plugins for Editor in 0.00 ms.
Mono: successfully reloaded assembly
- Completed reload, in  1.006 seconds
Platform modules already initialized, skipping
Shader 'Universal Render Pipeline/Particles/Lit': fallback shader 'Universal Render Pipeline/Particles/SimpleLit' not found
Refreshing native plugins compatible for Editor in 0.45 ms, found 0 plugins.
Preloading 0 native plugins for Editor in 0.00 ms.
Unloading 2325 Unused Serialized files (Serialized files now loaded: 0)
System memory in use before: 187.4 MB.
System memory in use after: 187.6 MB.

Unloading 7 unused Assets to reduce memory usage. Loaded Objects now: 3046.
Total: 2.295400 ms (FindLiveObjects: 0.284700 ms CreateObjectMapping: 0.063700 ms MarkObjects: 1.930100 ms  DeleteObjects: 0.015800 ms)

========================================================================
Received Prepare
Registering precompiled user dll's ...
Registered in 0.003560 seconds.
Begin MonoManager ReloadAssembly
Native extension for WindowsStandalone target not found
Refreshing native plugins compatible for Editor in 0.47 ms, found 0 plugins.
Preloading 0 native plugins for Editor in 0.00 ms.
Mono: successfully reloaded assembly
- Completed reload, in  1.055 seconds
Platform modules already initialized, skipping
Shader 'Universal Render Pipeline/Particles/Lit': fallback shader 'Universal Render Pipeline/Particles/SimpleLit' not found
Refreshing native plugins compatible for Editor in 0.44 ms, found 0 plugins.
Preloading 0 native plugins for Editor in 0.00 ms.
Unloading 2325 Unused Serialized files (Serialized files now loaded: 0)
System memory in use before: 187.4 MB.
System memory in use after: 187.6 MB.

Unloading 7 unused Assets to reduce memory usage. Loaded Objects now: 3049.
Total: 2.562200 ms (FindLiveObjects: 0.287600 ms CreateObjectMapping: 0.062500 ms MarkObjects: 2.192400 ms  DeleteObjects: 0.018600 ms)

========================================================================
Received Prepare
Registering precompiled user dll's ...
Registered in 0.003727 seconds.
Begin MonoManager ReloadAssembly
Native extension for WindowsStandalone target not found
Refreshing native plugins compatible for Editor in 0.46 ms, found 0 plugins.
Preloading 0 native plugins for Editor in 0.00 ms.
Mono: successfully reloaded assembly
- Completed reload, in  1.029 seconds
Platform modules already initialized, skipping
Shader 'Universal Render Pipeline/Particles/Lit': fallback shader 'Universal Render Pipeline/Particles/SimpleLit' not found
Refreshing native plugins compatible for Editor in 0.43 ms, found 0 plugins.
Preloading 0 native plugins for Editor in 0.00 ms.
Unloading 2325 Unused Serialized files (Serialized files now loaded: 0)
System memory in use before: 187.4 MB.
System memory in use after: 187.6 MB.

Unloading 7 unused Assets to reduce memory usage. Loaded Objects now: 3052.
Total: 2.302000 ms (FindLiveObjects: 0.259300 ms CreateObjectMapping: 0.064800 ms MarkObjects: 1.959500 ms  DeleteObjects: 0.017100 ms)

========================================================================
Received Prepare
Registering precompiled user dll's ...
Registered in 0.003824 seconds.
Begin MonoManager ReloadAssembly
Native extension for WindowsStandalone target not found
Refreshing native plugins compatible for Editor in 0.81 ms, found 0 plugins.
Preloading 0 native plugins for Editor in 0.00 ms.
Mono: successfully reloaded assembly
- Completed reload, in  1.048 seconds
Platform modules already initialized, skipping
Shader 'Universal Render Pipeline/Particles/Lit': fallback shader 'Universal Render Pipeline/Particles/SimpleLit' not found
Refreshing native plugins compatible for Editor in 0.44 ms, found 0 plugins.
Preloading 0 native plugins for Editor in 0.00 ms.
Unloading 2325 Unused Serialized files (Serialized files now loaded: 0)
System memory in use before: 187.4 MB.
System memory in use after: 187.6 MB.

Unloading 7 unused Assets to reduce memory usage. Loaded Objects now: 3055.
Total: 2.321000 ms (FindLiveObjects: 0.263100 ms CreateObjectMapping: 0.065100 ms MarkObjects: 1.976000 ms  DeleteObjects: 0.015300 ms)

========================================================================
Received Prepare
Registering precompiled user dll's ...
Registered in 0.003064 seconds.
Begin MonoManager ReloadAssembly
Native extension for WindowsStandalone target not found
Refreshing native plugins compatible for Editor in 0.56 ms, found 0 plugins.
Preloading 0 native plugins for Editor in 0.00 ms.
Mono: successfully reloaded assembly
- Completed reload, in  1.056 seconds
Platform modules already initialized, skipping
Shader 'Universal Render Pipeline/Particles/Lit': fallback shader 'Universal Render Pipeline/Particles/SimpleLit' not found
Refreshing native plugins compatible for Editor in 0.44 ms, found 0 plugins.
Preloading 0 native plugins for Editor in 0.00 ms.
Unloading 2325 Unused Serialized files (Serialized files now loaded: 0)
System memory in use before: 187.3 MB.
System memory in use after: 187.5 MB.

Unloading 7 unused Assets to reduce memory usage. Loaded Objects now: 3058.
Total: 2.269700 ms (FindLiveObjects: 0.272500 ms CreateObjectMapping: 0.064300 ms MarkObjects: 1.917000 ms  DeleteObjects: 0.014800 ms)

========================================================================
Received Prepare
Registering precompiled user dll's ...
Registered in 0.003149 seconds.
Begin MonoManager ReloadAssembly
Native extension for WindowsStandalone target not found
Refreshing native plugins compatible for Editor in 0.46 ms, found 0 plugins.
Preloading 0 native plugins for Editor in 0.00 ms.
Mono: successfully reloaded assembly
- Completed reload, in  1.031 seconds
Platform modules already initialized, skipping
Shader 'Universal Render Pipeline/Particles/Lit': fallback shader 'Universal Render Pipeline/Particles/SimpleLit' not found
Refreshing native plugins compatible for Editor in 0.46 ms, found 0 plugins.
Preloading 0 native plugins for Editor in 0.00 ms.
Unloading 2325 Unused Serialized files (Serialized files now loaded: 0)
System memory in use before: 187.4 MB.
System memory in use after: 187.6 MB.

Unloading 7 unused Assets to reduce memory usage. Loaded Objects now: 3061.
Total: 2.314600 ms (FindLiveObjects: 0.263500 ms CreateObjectMapping: 0.064700 ms MarkObjects: 1.969900 ms  DeleteObjects: 0.015400 ms)

========================================================================
Received Prepare
Registering precompiled user dll's ...
Registered in 0.003221 seconds.
Begin MonoManager ReloadAssembly
Native extension for WindowsStandalone target not found
Refreshing native plugins compatible for Editor in 0.49 ms, found 0 plugins.
Preloading 0 native plugins for Editor in 0.00 ms.
Mono: successfully reloaded assembly
- Completed reload, in  1.017 seconds
Platform modules already initialized, skipping
Shader 'Universal Render Pipeline/Particles/Lit': fallback shader 'Universal Render Pipeline/Particles/SimpleLit' not found
Refreshing native plugins compatible for Editor in 0.44 ms, found 0 plugins.
Preloading 0 native plugins for Editor in 0.00 ms.
Unloading 2325 Unused Serialized files (Serialized files now loaded: 0)
System memory in use before: 187.4 MB.
System memory in use after: 187.6 MB.

Unloading 7 unused Assets to reduce memory usage. Loaded Objects now: 3064.
Total: 2.481900 ms (FindLiveObjects: 0.310300 ms CreateObjectMapping: 0.064900 ms MarkObjects: 2.088300 ms  DeleteObjects: 0.016900 ms)

========================================================================
Received Prepare
Registering precompiled user dll's ...
Registered in 0.003559 seconds.
Begin MonoManager ReloadAssembly
Native extension for WindowsStandalone target not found
Refreshing native plugins compatible for Editor in 0.45 ms, found 0 plugins.
Preloading 0 native plugins for Editor in 0.00 ms.
Mono: successfully reloaded assembly
- Completed reload, in  1.032 seconds
Platform modules already initialized, skipping
Shader 'Universal Render Pipeline/Particles/Lit': fallback shader 'Universal Render Pipeline/Particles/SimpleLit' not found
Refreshing native plugins compatible for Editor in 0.44 ms, found 0 plugins.
Preloading 0 native plugins for Editor in 0.00 ms.
Unloading 2325 Unused Serialized files (Serialized files now loaded: 0)
System memory in use before: 187.4 MB.
System memory in use after: 187.6 MB.

Unloading 7 unused Assets to reduce memory usage. Loaded Objects now: 3067.
Total: 2.356300 ms (FindLiveObjects: 0.329300 ms CreateObjectMapping: 0.062600 ms MarkObjects: 1.945700 ms  DeleteObjects: 0.017500 ms)

========================================================================
Received Prepare
Registering precompiled user dll's ...
Registered in 0.003250 seconds.
Begin MonoManager ReloadAssembly
Native extension for WindowsStandalone target not found
Refreshing native plugins compatible for Editor in 0.44 ms, found 0 plugins.
Preloading 0 native plugins for Editor in 0.00 ms.
Mono: successfully reloaded assembly
- Completed reload, in  1.076 seconds
Platform modules already initialized, skipping
Shader 'Universal Render Pipeline/Particles/Lit': fallback shader 'Universal Render Pipeline/Particles/SimpleLit' not found
Refreshing native plugins compatible for Editor in 0.43 ms, found 0 plugins.
Preloading 0 native plugins for Editor in 0.00 ms.
Unloading 2325 Unused Serialized files (Serialized files now loaded: 0)
System memory in use before: 187.4 MB.
System memory in use after: 187.6 MB.

Unloading 7 unused Assets to reduce memory usage. Loaded Objects now: 3070.
Total: 2.384600 ms (FindLiveObjects: 0.306500 ms CreateObjectMapping: 0.069000 ms MarkObjects: 1.992000 ms  DeleteObjects: 0.015800 ms)

========================================================================
Received Prepare
Registering precompiled user dll's ...
Registered in 0.003850 seconds.
Begin MonoManager ReloadAssembly
Native extension for WindowsStandalone target not found
Refreshing native plugins compatible for Editor in 0.44 ms, found 0 plugins.
Preloading 0 native plugins for Editor in 0.00 ms.
Mono: successfully reloaded assembly
- Completed reload, in  1.034 seconds
Platform modules already initialized, skipping
Shader 'Universal Render Pipeline/Particles/Lit': fallback shader 'Universal Render Pipeline/Particles/SimpleLit' not found
Refreshing native plugins compatible for Editor in 0.44 ms, found 0 plugins.
Preloading 0 native plugins for Editor in 0.00 ms.
Unloading 2325 Unused Serialized files (Serialized files now loaded: 0)
System memory in use before: 187.3 MB.
System memory in use after: 187.6 MB.

Unloading 7 unused Assets to reduce memory usage. Loaded Objects now: 3073.
Total: 2.530500 ms (FindLiveObjects: 0.289400 ms CreateObjectMapping: 0.063400 ms MarkObjects: 2.158200 ms  DeleteObjects: 0.018300 ms)

========================================================================
Received Import Request.
  Time since last request: 15549.586305 seconds.
  path: Assets/Prefabs/Levels/Level_5.prefab
  artifactKey: Guid(7eddd742ed4d4f7458534ab2419aaa96) Importer(815301076,1909f56bfc062723c751e8b465ee728b)
Start importing Assets/Prefabs/Levels/Level_5.prefab using Guid(7eddd742ed4d4f7458534ab2419aaa96) Importer(815301076,1909f56bfc062723c751e8b465ee728b)  -> (artifact id: '69ee19570fea92399b956427910271a7') in 0.352734 seconds
  Import took 0.366231 seconds .

========================================================================
Received Import Request.
  Time since last request: 61.787346 seconds.
  path: ProjectSettings/TagManager.asset
  artifactKey: Guid(00000000000000003000000000000000) Importer(815301076,1909f56bfc062723c751e8b465ee728b)
Start importing ProjectSettings/TagManager.asset using Guid(00000000000000003000000000000000) Importer(815301076,1909f56bfc062723c751e8b465ee728b)  -> (artifact id: '167381e8532b329b8dcca5b8ad1521cf') in 0.008235 seconds
  Import took 0.012032 seconds .

========================================================================
Received Import Request.
  Time since last request: 0.000791 seconds.
  path: ProjectSettings/TagManager.asset
  artifactKey: Guid(00000000000000003000000000000000) Importer(815301076,1909f56bfc062723c751e8b465ee728b)
Start importing ProjectSettings/TagManager.asset using Guid(00000000000000003000000000000000) Importer(815301076,1909f56bfc062723c751e8b465ee728b)  -> (artifact id: '167381e8532b329b8dcca5b8ad1521cf') in 0.004424 seconds
  Import took 0.008745 seconds .

========================================================================
Received Import Request.
  Time since last request: 40.840769 seconds.
  path: Assets/Prefabs/Levels/Level_5.prefab
  artifactKey: Guid(7eddd742ed4d4f7458534ab2419aaa96) Importer(815301076,1909f56bfc062723c751e8b465ee728b)
Start importing Assets/Prefabs/Levels/Level_5.prefab using Guid(7eddd742ed4d4f7458534ab2419aaa96) Importer(815301076,1909f56bfc062723c751e8b465ee728b)  -> (artifact id: 'af81d2188c03d19c43a256fcd441bb70') in 0.049250 seconds
  Import took 0.054215 seconds .

========================================================================
Received Import Request.
  Time since last request: 2.854532 seconds.
  path: Assets/Prefabs/Levels/Level_5.prefab
  artifactKey: Guid(7eddd742ed4d4f7458534ab2419aaa96) Importer(815301076,1909f56bfc062723c751e8b465ee728b)
Start importing Assets/Prefabs/Levels/Level_5.prefab using Guid(7eddd742ed4d4f7458534ab2419aaa96) Importer(815301076,1909f56bfc062723c751e8b465ee728b)  -> (artifact id: 'f3ad69265579ba7d0656cdb951cfa3ba') in 0.056892 seconds
  Import took 0.062952 seconds .

========================================================================
Received Prepare
Registering precompiled user dll's ...
Registered in 0.003128 seconds.
Begin MonoManager ReloadAssembly
Native extension for WindowsStandalone target not found
Refreshing native plugins compatible for Editor in 0.44 ms, found 0 plugins.
Preloading 0 native plugins for Editor in 0.00 ms.
Mono: successfully reloaded assembly
- Completed reload, in  1.046 seconds
Platform modules already initialized, skipping
Shader 'Universal Render Pipeline/Particles/Lit': fallback shader 'Universal Render Pipeline/Particles/SimpleLit' not found
Refreshing native plugins compatible for Editor in 0.43 ms, found 0 plugins.
Preloading 0 native plugins for Editor in 0.00 ms.
Unloading 2325 Unused Serialized files (Serialized files now loaded: 0)
System memory in use before: 187.6 MB.
System memory in use after: 187.8 MB.

Unloading 9 unused Assets to reduce memory usage. Loaded Objects now: 3112.
Total: 2.386200 ms (FindLiveObjects: 0.299400 ms CreateObjectMapping: 0.062100 ms MarkObjects: 2.006700 ms  DeleteObjects: 0.017000 ms)

========================================================================
Received Prepare
Registering precompiled user dll's ...
Registered in 0.003107 seconds.
Begin MonoManager ReloadAssembly
Native extension for WindowsStandalone target not found
Refreshing native plugins compatible for Editor in 0.44 ms, found 0 plugins.
Preloading 0 native plugins for Editor in 0.00 ms.
Mono: successfully reloaded assembly
- Completed reload, in  1.167 seconds
Platform modules already initialized, skipping
Shader 'Universal Render Pipeline/Particles/Lit': fallback shader 'Universal Render Pipeline/Particles/SimpleLit' not found
Refreshing native plugins compatible for Editor in 0.44 ms, found 0 plugins.
Preloading 0 native plugins for Editor in 0.00 ms.
Unloading 2325 Unused Serialized files (Serialized files now loaded: 0)
System memory in use before: 187.6 MB.
System memory in use after: 187.8 MB.

Unloading 7 unused Assets to reduce memory usage. Loaded Objects now: 3115.
Total: 2.407000 ms (FindLiveObjects: 0.277800 ms CreateObjectMapping: 0.063100 ms MarkObjects: 2.049500 ms  DeleteObjects: 0.015300 ms)

========================================================================
Received Prepare
Registering precompiled user dll's ...
Registered in 0.005597 seconds.
Begin MonoManager ReloadAssembly
Native extension for WindowsStandalone target not found
Refreshing native plugins compatible for Editor in 0.45 ms, found 0 plugins.
Preloading 0 native plugins for Editor in 0.00 ms.
Mono: successfully reloaded assembly
- Completed reload, in  1.049 seconds
Platform modules already initialized, skipping
Shader 'Universal Render Pipeline/Particles/Lit': fallback shader 'Universal Render Pipeline/Particles/SimpleLit' not found
Refreshing native plugins compatible for Editor in 0.44 ms, found 0 plugins.
Preloading 0 native plugins for Editor in 0.00 ms.
Unloading 2325 Unused Serialized files (Serialized files now loaded: 0)
System memory in use before: 187.6 MB.
System memory in use after: 187.8 MB.

Unloading 7 unused Assets to reduce memory usage. Loaded Objects now: 3118.
Total: 2.405400 ms (FindLiveObjects: 0.266900 ms CreateObjectMapping: 0.065000 ms MarkObjects: 2.057400 ms  DeleteObjects: 0.014900 ms)

========================================================================
Received Import Request.
  Time since last request: 427.392247 seconds.
  path: Assets/Prefabs/Levels/Level_1.prefab
  artifactKey: Guid(26ef2d0bf3cf5034bafd48cb89aec484) Importer(815301076,1909f56bfc062723c751e8b465ee728b)
Start importing Assets/Prefabs/Levels/Level_1.prefab using Guid(26ef2d0bf3cf5034bafd48cb89aec484) Importer(815301076,1909f56bfc062723c751e8b465ee728b)  -> (artifact id: 'b958abcba9833339c4742acae88e89f8') in 0.196847 seconds
  Import took 0.201676 seconds .

========================================================================
Received Import Request.
  Time since last request: 67.729490 seconds.
  path: Assets/Prefabs/Levels/Level_2.prefab
  artifactKey: Guid(701017e7dd9d92743971117e9a623c47) Importer(815301076,1909f56bfc062723c751e8b465ee728b)
Start importing Assets/Prefabs/Levels/Level_2.prefab using Guid(701017e7dd9d92743971117e9a623c47) Importer(815301076,1909f56bfc062723c751e8b465ee728b)  -> (artifact id: 'ce6d83470d91a08a0d334e5438f7b991') in 0.047075 seconds
  Import took 0.052587 seconds .

========================================================================
Received Import Request.
  Time since last request: 109.421116 seconds.
  path: Assets/Prefabs/Levels/Level_3.prefab
  artifactKey: Guid(1b6e4c8fb92354c4a8ce6225ad70a76b) Importer(815301076,1909f56bfc062723c751e8b465ee728b)
Start importing Assets/Prefabs/Levels/Level_3.prefab using Guid(1b6e4c8fb92354c4a8ce6225ad70a76b) Importer(815301076,1909f56bfc062723c751e8b465ee728b)  -> (artifact id: '51d855179d94c294cafdf5add8a706cb') in 0.030399 seconds
  Import took 0.036197 seconds .

========================================================================
Received Import Request.
  Time since last request: 54.786616 seconds.
  path: Assets/Prefabs/Levels/Level_4.prefab
  artifactKey: Guid(b234afb147869ba4c867c65f3f6d548f) Importer(815301076,1909f56bfc062723c751e8b465ee728b)
Start importing Assets/Prefabs/Levels/Level_4.prefab using Guid(b234afb147869ba4c867c65f3f6d548f) Importer(815301076,1909f56bfc062723c751e8b465ee728b)  -> (artifact id: 'd85fba1235eb609895871d90a82f61ad') in 0.032926 seconds
  Import took 0.038428 seconds .

========================================================================
Received Import Request.
  Time since last request: 70.708171 seconds.
  path: Assets/Prefabs/Levels/Level_5.prefab
  artifactKey: Guid(7eddd742ed4d4f7458534ab2419aaa96) Importer(815301076,1909f56bfc062723c751e8b465ee728b)
Start importing Assets/Prefabs/Levels/Level_5.prefab using Guid(7eddd742ed4d4f7458534ab2419aaa96) Importer(815301076,1909f56bfc062723c751e8b465ee728b)  -> (artifact id: 'c09b35d28639a891449bde963f0a028f') in 0.031084 seconds
  Import took 0.036237 seconds .

========================================================================
Received Import Request.
  Time since last request: 2.883794 seconds.
  path: Assets/Settings.asset
  artifactKey: Guid(6fa717e150c69aa49a061c5cebbeaba3) Importer(815301076,1909f56bfc062723c751e8b465ee728b)
Start importing Assets/Settings.asset using Guid(6fa717e150c69aa49a061c5cebbeaba3) Importer(815301076,1909f56bfc062723c751e8b465ee728b)  -> (artifact id: 'd4701acf21d7938d1d66e6c0f4e48209') in 0.007743 seconds
  Import took 0.011743 seconds .

========================================================================
Received Prepare
Registering precompiled user dll's ...
Registered in 0.003501 seconds.
Begin MonoManager ReloadAssembly
Native extension for WindowsStandalone target not found
Refreshing native plugins compatible for Editor in 0.43 ms, found 0 plugins.
Preloading 0 native plugins for Editor in 0.00 ms.
Mono: successfully reloaded assembly
- Completed reload, in  1.065 seconds
Platform modules already initialized, skipping
Shader 'Universal Render Pipeline/Particles/Lit': fallback shader 'Universal Render Pipeline/Particles/SimpleLit' not found
Refreshing native plugins compatible for Editor in 0.44 ms, found 0 plugins.
Preloading 0 native plugins for Editor in 0.00 ms.
Unloading 2325 Unused Serialized files (Serialized files now loaded: 0)
System memory in use before: 187.9 MB.
System memory in use after: 188.1 MB.

Unloading 7 unused Assets to reduce memory usage. Loaded Objects now: 3157.
Total: 2.813900 ms (FindLiveObjects: 0.316200 ms CreateObjectMapping: 0.066000 ms MarkObjects: 2.410800 ms  DeleteObjects: 0.019000 ms)

========================================================================
Received Prepare
Registering precompiled user dll's ...
Registered in 0.003120 seconds.
Begin MonoManager ReloadAssembly
Native extension for WindowsStandalone target not found
Refreshing native plugins compatible for Editor in 0.43 ms, found 0 plugins.
Preloading 0 native plugins for Editor in 0.00 ms.
Mono: successfully reloaded assembly
- Completed reload, in  1.024 seconds
Platform modules already initialized, skipping
Shader 'Universal Render Pipeline/Particles/Lit': fallback shader 'Universal Render Pipeline/Particles/SimpleLit' not found
Refreshing native plugins compatible for Editor in 0.44 ms, found 0 plugins.
Preloading 0 native plugins for Editor in 0.00 ms.
Unloading 2325 Unused Serialized files (Serialized files now loaded: 0)
System memory in use before: 187.8 MB.
System memory in use after: 188.0 MB.

Unloading 7 unused Assets to reduce memory usage. Loaded Objects now: 3160.
Total: 2.563200 ms (FindLiveObjects: 0.303000 ms CreateObjectMapping: 0.064400 ms MarkObjects: 2.176700 ms  DeleteObjects: 0.017600 ms)

========================================================================
Received Prepare
Registering precompiled user dll's ...
Registered in 0.003517 seconds.
Begin MonoManager ReloadAssembly
Native extension for WindowsStandalone target not found
Refreshing native plugins compatible for Editor in 0.43 ms, found 0 plugins.
Preloading 0 native plugins for Editor in 0.00 ms.
Mono: successfully reloaded assembly
- Completed reload, in  1.084 seconds
Platform modules already initialized, skipping
Shader 'Universal Render Pipeline/Particles/Lit': fallback shader 'Universal Render Pipeline/Particles/SimpleLit' not found
Refreshing native plugins compatible for Editor in 0.44 ms, found 0 plugins.
Preloading 0 native plugins for Editor in 0.00 ms.
Unloading 2325 Unused Serialized files (Serialized files now loaded: 0)
System memory in use before: 187.9 MB.
System memory in use after: 188.1 MB.

Unloading 7 unused Assets to reduce memory usage. Loaded Objects now: 3163.
Total: 2.474700 ms (FindLiveObjects: 0.282300 ms CreateObjectMapping: 0.068200 ms MarkObjects: 2.107200 ms  DeleteObjects: 0.015800 ms)

========================================================================
Received Prepare
Registering precompiled user dll's ...
Registered in 0.003125 seconds.
Begin MonoManager ReloadAssembly
Native extension for WindowsStandalone target not found
Refreshing native plugins compatible for Editor in 0.46 ms, found 0 plugins.
Preloading 0 native plugins for Editor in 0.00 ms.
Mono: successfully reloaded assembly
- Completed reload, in  1.034 seconds
Platform modules already initialized, skipping
Shader 'Universal Render Pipeline/Particles/Lit': fallback shader 'Universal Render Pipeline/Particles/SimpleLit' not found
Refreshing native plugins compatible for Editor in 0.45 ms, found 0 plugins.
Preloading 0 native plugins for Editor in 0.00 ms.
Unloading 2325 Unused Serialized files (Serialized files now loaded: 0)
System memory in use before: 187.9 MB.
System memory in use after: 188.1 MB.

Unloading 7 unused Assets to reduce memory usage. Loaded Objects now: 3166.
Total: 2.754800 ms (FindLiveObjects: 0.274300 ms CreateObjectMapping: 0.067000 ms MarkObjects: 2.393900 ms  DeleteObjects: 0.018200 ms)

========================================================================
Received Prepare
Registering precompiled user dll's ...
Registered in 0.003435 seconds.
Begin MonoManager ReloadAssembly
Native extension for WindowsStandalone target not found
Refreshing native plugins compatible for Editor in 0.43 ms, found 0 plugins.
Preloading 0 native plugins for Editor in 0.00 ms.
Mono: successfully reloaded assembly
- Completed reload, in  1.042 seconds
Platform modules already initialized, skipping
Shader 'Universal Render Pipeline/Particles/Lit': fallback shader 'Universal Render Pipeline/Particles/SimpleLit' not found
Refreshing native plugins compatible for Editor in 0.44 ms, found 0 plugins.
Preloading 0 native plugins for Editor in 0.00 ms.
Unloading 2325 Unused Serialized files (Serialized files now loaded: 0)
System memory in use before: 187.9 MB.
System memory in use after: 188.1 MB.

Unloading 7 unused Assets to reduce memory usage. Loaded Objects now: 3169.
Total: 2.453200 ms (FindLiveObjects: 0.308400 ms CreateObjectMapping: 0.063800 ms MarkObjects: 2.064500 ms  DeleteObjects: 0.015700 ms)

========================================================================
Received Prepare
Registering precompiled user dll's ...
Registered in 0.003253 seconds.
Begin MonoManager ReloadAssembly
Native extension for WindowsStandalone target not found
Refreshing native plugins compatible for Editor in 0.47 ms, found 0 plugins.
Preloading 0 native plugins for Editor in 0.00 ms.
Mono: successfully reloaded assembly
- Completed reload, in  1.030 seconds
Platform modules already initialized, skipping
Shader 'Universal Render Pipeline/Particles/Lit': fallback shader 'Universal Render Pipeline/Particles/SimpleLit' not found
Refreshing native plugins compatible for Editor in 0.44 ms, found 0 plugins.
Preloading 0 native plugins for Editor in 0.00 ms.
Unloading 2325 Unused Serialized files (Serialized files now loaded: 0)
System memory in use before: 187.9 MB.
System memory in use after: 188.1 MB.

Unloading 7 unused Assets to reduce memory usage. Loaded Objects now: 3172.
Total: 2.478100 ms (FindLiveObjects: 0.317900 ms CreateObjectMapping: 0.067600 ms MarkObjects: 2.076100 ms  DeleteObjects: 0.014800 ms)

========================================================================
Received Prepare
Registering precompiled user dll's ...
Registered in 0.003674 seconds.
Begin MonoManager ReloadAssembly
Native extension for WindowsStandalone target not found
Refreshing native plugins compatible for Editor in 0.43 ms, found 0 plugins.
Preloading 0 native plugins for Editor in 0.00 ms.
Mono: successfully reloaded assembly
- Completed reload, in  1.015 seconds
Platform modules already initialized, skipping
Shader 'Universal Render Pipeline/Particles/Lit': fallback shader 'Universal Render Pipeline/Particles/SimpleLit' not found
Refreshing native plugins compatible for Editor in 0.45 ms, found 0 plugins.
Preloading 0 native plugins for Editor in 0.00 ms.
Unloading 2325 Unused Serialized files (Serialized files now loaded: 0)
System memory in use before: 187.8 MB.
System memory in use after: 188.1 MB.

Unloading 7 unused Assets to reduce memory usage. Loaded Objects now: 3175.
Total: 2.553400 ms (FindLiveObjects: 0.299500 ms CreateObjectMapping: 0.063600 ms MarkObjects: 2.172400 ms  DeleteObjects: 0.017200 ms)

========================================================================
Received Prepare
Registering precompiled user dll's ...
Registered in 0.003710 seconds.
Begin MonoManager ReloadAssembly
Native extension for WindowsStandalone target not found
Refreshing native plugins compatible for Editor in 0.57 ms, found 0 plugins.
Preloading 0 native plugins for Editor in 0.00 ms.
Mono: successfully reloaded assembly
- Completed reload, in  1.054 seconds
Platform modules already initialized, skipping
Shader 'Universal Render Pipeline/Particles/Lit': fallback shader 'Universal Render Pipeline/Particles/SimpleLit' not found
Refreshing native plugins compatible for Editor in 0.43 ms, found 0 plugins.
Preloading 0 native plugins for Editor in 0.00 ms.
Unloading 2325 Unused Serialized files (Serialized files now loaded: 0)
System memory in use before: 187.9 MB.
System memory in use after: 188.2 MB.

Unloading 7 unused Assets to reduce memory usage. Loaded Objects now: 3178.
Total: 2.699300 ms (FindLiveObjects: 0.306700 ms CreateObjectMapping: 0.065700 ms MarkObjects: 2.305800 ms  DeleteObjects: 0.020000 ms)

========================================================================
Received Prepare
Registering precompiled user dll's ...
Registered in 0.003870 seconds.
Begin MonoManager ReloadAssembly
Native extension for WindowsStandalone target not found
Refreshing native plugins compatible for Editor in 0.43 ms, found 0 plugins.
Preloading 0 native plugins for Editor in 0.00 ms.
Mono: successfully reloaded assembly
- Completed reload, in  1.079 seconds
Platform modules already initialized, skipping
Shader 'Universal Render Pipeline/Particles/Lit': fallback shader 'Universal Render Pipeline/Particles/SimpleLit' not found
Refreshing native plugins compatible for Editor in 0.50 ms, found 0 plugins.
Preloading 0 native plugins for Editor in 0.00 ms.
Unloading 2325 Unused Serialized files (Serialized files now loaded: 0)
System memory in use before: 187.9 MB.
System memory in use after: 188.2 MB.

Unloading 7 unused Assets to reduce memory usage. Loaded Objects now: 3181.
Total: 2.945100 ms (FindLiveObjects: 0.349200 ms CreateObjectMapping: 0.063800 ms MarkObjects: 2.508200 ms  DeleteObjects: 0.022100 ms)

========================================================================
Received Prepare
Registering precompiled user dll's ...
Registered in 0.003235 seconds.
Begin MonoManager ReloadAssembly
Native extension for WindowsStandalone target not found
Refreshing native plugins compatible for Editor in 0.43 ms, found 0 plugins.
Preloading 0 native plugins for Editor in 0.00 ms.
Mono: successfully reloaded assembly
- Completed reload, in  1.062 seconds
Platform modules already initialized, skipping
Shader 'Universal Render Pipeline/Particles/Lit': fallback shader 'Universal Render Pipeline/Particles/SimpleLit' not found
Refreshing native plugins compatible for Editor in 0.43 ms, found 0 plugins.
Preloading 0 native plugins for Editor in 0.00 ms.
Unloading 2325 Unused Serialized files (Serialized files now loaded: 0)
System memory in use before: 187.9 MB.
System memory in use after: 188.2 MB.

Unloading 7 unused Assets to reduce memory usage. Loaded Objects now: 3184.
Total: 2.400500 ms (FindLiveObjects: 0.300300 ms CreateObjectMapping: 0.062700 ms MarkObjects: 2.019100 ms  DeleteObjects: 0.017500 ms)

========================================================================
Received Prepare
Registering precompiled user dll's ...
Registered in 0.003322 seconds.
Begin MonoManager ReloadAssembly
Native extension for WindowsStandalone target not found
Refreshing native plugins compatible for Editor in 0.43 ms, found 0 plugins.
Preloading 0 native plugins for Editor in 0.00 ms.
Mono: successfully reloaded assembly
- Completed reload, in  1.018 seconds
Platform modules already initialized, skipping
Shader 'Universal Render Pipeline/Particles/Lit': fallback shader 'Universal Render Pipeline/Particles/SimpleLit' not found
Refreshing native plugins compatible for Editor in 0.43 ms, found 0 plugins.
Preloading 0 native plugins for Editor in 0.00 ms.
Unloading 2325 Unused Serialized files (Serialized files now loaded: 0)
System memory in use before: 188.0 MB.
System memory in use after: 188.2 MB.

Unloading 7 unused Assets to reduce memory usage. Loaded Objects now: 3187.
Total: 2.395400 ms (FindLiveObjects: 0.301800 ms CreateObjectMapping: 0.063500 ms MarkObjects: 2.014100 ms  DeleteObjects: 0.014800 ms)

========================================================================
Received Prepare
Registering precompiled user dll's ...
Registered in 0.003614 seconds.
Begin MonoManager ReloadAssembly
Native extension for WindowsStandalone target not found
Refreshing native plugins compatible for Editor in 0.63 ms, found 0 plugins.
Preloading 0 native plugins for Editor in 0.00 ms.
Mono: successfully reloaded assembly
- Completed reload, in  1.044 seconds
Platform modules already initialized, skipping
Shader 'Universal Render Pipeline/Particles/Lit': fallback shader 'Universal Render Pipeline/Particles/SimpleLit' not found
Refreshing native plugins compatible for Editor in 0.59 ms, found 0 plugins.
Preloading 0 native plugins for Editor in 0.00 ms.
Unloading 2325 Unused Serialized files (Serialized files now loaded: 0)
System memory in use before: 187.9 MB.
System memory in use after: 188.1 MB.

Unloading 7 unused Assets to reduce memory usage. Loaded Objects now: 3190.
Total: 2.754700 ms (FindLiveObjects: 0.318600 ms CreateObjectMapping: 0.063800 ms MarkObjects: 2.350800 ms  DeleteObjects: 0.019500 ms)

========================================================================
Received Prepare
Registering precompiled user dll's ...
Registered in 0.003222 seconds.
Begin MonoManager ReloadAssembly
Native extension for WindowsStandalone target not found
Refreshing native plugins compatible for Editor in 0.43 ms, found 0 plugins.
Preloading 0 native plugins for Editor in 0.00 ms.
Mono: successfully reloaded assembly
- Completed reload, in  1.061 seconds
Platform modules already initialized, skipping
Shader 'Universal Render Pipeline/Particles/Lit': fallback shader 'Universal Render Pipeline/Particles/SimpleLit' not found
Refreshing native plugins compatible for Editor in 0.70 ms, found 0 plugins.
Preloading 0 native plugins for Editor in 0.00 ms.
Unloading 2325 Unused Serialized files (Serialized files now loaded: 0)
System memory in use before: 188.0 MB.
System memory in use after: 188.2 MB.

Unloading 7 unused Assets to reduce memory usage. Loaded Objects now: 3193.
Total: 2.840100 ms (FindLiveObjects: 0.338200 ms CreateObjectMapping: 0.093400 ms MarkObjects: 2.387600 ms  DeleteObjects: 0.019100 ms)

========================================================================
Received Prepare
Registering precompiled user dll's ...
Registered in 0.003261 seconds.
Begin MonoManager ReloadAssembly
Native extension for WindowsStandalone target not found
Refreshing native plugins compatible for Editor in 0.43 ms, found 0 plugins.
Preloading 0 native plugins for Editor in 0.00 ms.
Mono: successfully reloaded assembly
- Completed reload, in  1.027 seconds
Platform modules already initialized, skipping
Shader 'Universal Render Pipeline/Particles/Lit': fallback shader 'Universal Render Pipeline/Particles/SimpleLit' not found
Refreshing native plugins compatible for Editor in 0.44 ms, found 0 plugins.
Preloading 0 native plugins for Editor in 0.00 ms.
Unloading 2325 Unused Serialized files (Serialized files now loaded: 0)
System memory in use before: 188.0 MB.
System memory in use after: 188.2 MB.

Unloading 7 unused Assets to reduce memory usage. Loaded Objects now: 3196.
Total: 2.397300 ms (FindLiveObjects: 0.298100 ms CreateObjectMapping: 0.062900 ms MarkObjects: 2.020700 ms  DeleteObjects: 0.014700 ms)

========================================================================
Received Import Request.
  Time since last request: 1296.285944 seconds.
  path: Assets/Prefabs/Levels/Level_5.prefab
  artifactKey: Guid(7eddd742ed4d4f7458534ab2419aaa96) Importer(815301076,1909f56bfc062723c751e8b465ee728b)
Start importing Assets/Prefabs/Levels/Level_5.prefab using Guid(7eddd742ed4d4f7458534ab2419aaa96) Importer(815301076,1909f56bfc062723c751e8b465ee728b)  -> (artifact id: '43391c138f54158da7cafd4fe191600e') in 0.265899 seconds
  Import took 0.271284 seconds .

========================================================================
Received Prepare
Registering precompiled user dll's ...
Registered in 0.003728 seconds.
Begin MonoManager ReloadAssembly
Native extension for WindowsStandalone target not found
Refreshing native plugins compatible for Editor in 0.58 ms, found 0 plugins.
Preloading 0 native plugins for Editor in 0.00 ms.
Mono: successfully reloaded assembly
- Completed reload, in  1.142 seconds
Platform modules already initialized, skipping
Shader 'Universal Render Pipeline/Particles/Lit': fallback shader 'Universal Render Pipeline/Particles/SimpleLit' not found
Refreshing native plugins compatible for Editor in 0.44 ms, found 0 plugins.
Preloading 0 native plugins for Editor in 0.00 ms.
Unloading 2325 Unused Serialized files (Serialized files now loaded: 0)
System memory in use before: 188.1 MB.
System memory in use after: 188.3 MB.

Unloading 7 unused Assets to reduce memory usage. Loaded Objects now: 3235.
Total: 2.482700 ms (FindLiveObjects: 0.306900 ms CreateObjectMapping: 0.063100 ms MarkObjects: 2.096200 ms  DeleteObjects: 0.015500 ms)

AssetImportWorkerClient::OnTransportError - code=2 error=End of file
