Using pre-set license
Built from '2020.3/staging' branch; Version is '2020.3.8f1 (507919d4fff5) revision 5273881'; Using compiler version '192528614'; Build Type 'Release'
OS: 'Windows 10 Pro; OS build 19043.1586; Version 2009; 64bit' Language: 'tr' Physical Memory: 16332 MB
BatchMode: 1, IsHumanControllingUs: 0, StartBugReporterOnCrash: 0, Is64bit: 1, IsPro: 0

 COMMAND LINE ARGUMENTS:
C:\Program Files\Unity\Hub\Editor\2020.3.8f1\Editor\Unity.exe
-adb2
-batchMode
-noUpm
-name
AssetImportWorker0
-projectPath
C:/Users/FURKAN/Desktop/Zerosum Case - Game Developer
-logFile
Logs/AssetImportWorker0.log
-srvPort
62539
Successfully changed project path to: C:/Users/FURKAN/Desktop/Zerosum Case - Game Developer
C:/Users/FURKAN/Desktop/Zerosum Case - Game Developer
Using Asset Import Pipeline V2.
Refreshing native plugins compatible for Editor in 48.22 ms, found 0 plugins.
Preloading 0 native plugins for Editor in 0.00 ms.
Initialize engine version: 2020.3.8f1 (507919d4fff5)
[Subsystems] Discovering subsystems at path C:/Program Files/Unity/Hub/Editor/2020.3.8f1/Editor/Data/Resources/UnitySubsystems
[Subsystems] Discovering subsystems at path C:/Users/FURKAN/Desktop/Zerosum Case - Game Developer/Assets
GfxDevice: creating device client; threaded=0
Direct3D:
    Version:  Direct3D 11.0 [level 11.0]
    Renderer: NVIDIA GeForce GTX 770 (ID=0x1184)
    Vendor:   
    VRAM:     2007 MB
    Driver:   27.21.14.5671
Shader 'Universal Render Pipeline/Particles/Lit': fallback shader 'Universal Render Pipeline/Particles/SimpleLit' not found
Initialize mono
Mono path[0] = 'C:/Program Files/Unity/Hub/Editor/2020.3.8f1/Editor/Data/Managed'
Mono path[1] = 'C:/Program Files/Unity/Hub/Editor/2020.3.8f1/Editor/Data/MonoBleedingEdge/lib/mono/unityjit'
Mono config path = 'C:/Program Files/Unity/Hub/Editor/2020.3.8f1/Editor/Data/MonoBleedingEdge/etc'
Using monoOptions --debugger-agent=transport=dt_socket,embedding=1,server=y,suspend=n,address=127.0.0.1:56328
Begin MonoManager ReloadAssembly
Registering precompiled unity dll's ...
Register platform support module: C:/Program Files/Unity/Hub/Editor/2020.3.8f1/Editor/Data/PlaybackEngines/WindowsStandaloneSupport/UnityEditor.WindowsStandalone.Extensions.dll
Registered in 0.003307 seconds.
Native extension for WindowsStandalone target not found
Refreshing native plugins compatible for Editor in 48.87 ms, found 0 plugins.
Preloading 0 native plugins for Editor in 0.00 ms.
Mono: successfully reloaded assembly
- Completed reload, in  2.902 seconds
Platform modules already initialized, skipping
Registering precompiled user dll's ...
Registered in 0.003551 seconds.
Begin MonoManager ReloadAssembly
Native extension for WindowsStandalone target not found
Refreshing native plugins compatible for Editor in 81.72 ms, found 0 plugins.
Preloading 0 native plugins for Editor in 0.00 ms.
Mono: successfully reloaded assembly
- Completed reload, in  1.216 seconds
Platform modules already initialized, skipping
========================================================================
Worker process is ready to serve import requests
Shader 'Universal Render Pipeline/Particles/Lit': fallback shader 'Universal Render Pipeline/Particles/SimpleLit' not found
Launched and connected shader compiler UnityShaderCompiler.exe after 0.10 seconds
Refreshing native plugins compatible for Editor in 0.86 ms, found 0 plugins.
Preloading 0 native plugins for Editor in 0.00 ms.
Unloading 2434 Unused Serialized files (Serialized files now loaded: 0)
System memory in use before: 114.8 MB.
System memory in use after: 114.9 MB.

Unloading 12 unused Assets to reduce memory usage. Loaded Objects now: 2883.
Total: 2.769300 ms (FindLiveObjects: 0.388400 ms CreateObjectMapping: 0.086000 ms MarkObjects: 2.212400 ms  DeleteObjects: 0.081000 ms)

========================================================================
Received Import Request.
  path: Assets/Scripts/ObstacleMove.cs
  artifactKey: Guid(3fa27a6c2f75f794fbccf9ddddccf6f2) Importer(815301076,1909f56bfc062723c751e8b465ee728b)
Start importing Assets/Scripts/ObstacleMove.cs using Guid(3fa27a6c2f75f794fbccf9ddddccf6f2) Importer(815301076,1909f56bfc062723c751e8b465ee728b)  -> (artifact id: '51983b5719d5bb23e5015e1d775d20a2') in 0.040614 seconds
  Import took 0.045579 seconds .

========================================================================
Received Prepare
Registering precompiled user dll's ...
Registered in 0.003245 seconds.
Begin MonoManager ReloadAssembly
Native extension for WindowsStandalone target not found
Refreshing native plugins compatible for Editor in 0.49 ms, found 0 plugins.
Preloading 0 native plugins for Editor in 0.00 ms.
Mono: successfully reloaded assembly
- Completed reload, in  1.001 seconds
Platform modules already initialized, skipping
Shader 'Universal Render Pipeline/Particles/Lit': fallback shader 'Universal Render Pipeline/Particles/SimpleLit' not found
Refreshing native plugins compatible for Editor in 0.70 ms, found 0 plugins.
Preloading 0 native plugins for Editor in 0.00 ms.
Unloading 2325 Unused Serialized files (Serialized files now loaded: 0)
System memory in use before: 107.8 MB.
System memory in use after: 108.1 MB.

Unloading 7 unused Assets to reduce memory usage. Loaded Objects now: 2886.
Total: 2.240400 ms (FindLiveObjects: 0.262100 ms CreateObjectMapping: 0.065200 ms MarkObjects: 1.896200 ms  DeleteObjects: 0.015300 ms)

========================================================================
Received Prepare
Registering precompiled user dll's ...
Registered in 0.004205 seconds.
Begin MonoManager ReloadAssembly
Native extension for WindowsStandalone target not found
Refreshing native plugins compatible for Editor in 0.45 ms, found 0 plugins.
Preloading 0 native plugins for Editor in 0.00 ms.
Mono: successfully reloaded assembly
- Completed reload, in  0.995 seconds
Platform modules already initialized, skipping
Shader 'Universal Render Pipeline/Particles/Lit': fallback shader 'Universal Render Pipeline/Particles/SimpleLit' not found
Refreshing native plugins compatible for Editor in 0.47 ms, found 0 plugins.
Preloading 0 native plugins for Editor in 0.00 ms.
Unloading 2324 Unused Serialized files (Serialized files now loaded: 0)
System memory in use before: 107.9 MB.
System memory in use after: 108.1 MB.

Unloading 8 unused Assets to reduce memory usage. Loaded Objects now: 2888.
Total: 2.301800 ms (FindLiveObjects: 0.288100 ms CreateObjectMapping: 0.063100 ms MarkObjects: 1.927700 ms  DeleteObjects: 0.021100 ms)

========================================================================
Received Prepare
Registering precompiled user dll's ...
Registered in 0.003434 seconds.
Begin MonoManager ReloadAssembly
Native extension for WindowsStandalone target not found
Refreshing native plugins compatible for Editor in 0.45 ms, found 0 plugins.
Preloading 0 native plugins for Editor in 0.00 ms.
Mono: successfully reloaded assembly
- Completed reload, in  0.992 seconds
Platform modules already initialized, skipping
Shader 'Universal Render Pipeline/Particles/Lit': fallback shader 'Universal Render Pipeline/Particles/SimpleLit' not found
Refreshing native plugins compatible for Editor in 0.46 ms, found 0 plugins.
Preloading 0 native plugins for Editor in 0.00 ms.
Unloading 2324 Unused Serialized files (Serialized files now loaded: 0)
System memory in use before: 107.9 MB.
System memory in use after: 108.1 MB.

Unloading 7 unused Assets to reduce memory usage. Loaded Objects now: 2891.
Total: 2.098200 ms (FindLiveObjects: 0.248000 ms CreateObjectMapping: 0.062200 ms MarkObjects: 1.772800 ms  DeleteObjects: 0.013900 ms)

========================================================================
Received Import Request.
  Time since last request: 535.441424 seconds.
  path: Assets/Sprites/StackBarBackground.png
  artifactKey: Guid(da9277167b71744239c5214b5690119c) Importer(815301076,1909f56bfc062723c751e8b465ee728b)
Start importing Assets/Sprites/StackBarBackground.png using Guid(da9277167b71744239c5214b5690119c) Importer(815301076,1909f56bfc062723c751e8b465ee728b)  -> (artifact id: 'b97d8cc0333e58d0bf68673ca765bcb7') in 0.094960 seconds
  Import took 0.098642 seconds .

========================================================================
Received Import Request.
  Time since last request: 8.148461 seconds.
  path: Assets/Sprites/StackBarBackground.png
  artifactKey: Guid(da9277167b71744239c5214b5690119c) Importer(815301076,1909f56bfc062723c751e8b465ee728b)
Start importing Assets/Sprites/StackBarBackground.png using Guid(da9277167b71744239c5214b5690119c) Importer(815301076,1909f56bfc062723c751e8b465ee728b)  -> (artifact id: 'f308022d36eb06f6adccdd5542908884') in 0.011031 seconds
  Import took 0.015706 seconds .

========================================================================
Received Import Request.
  Time since last request: 0.004082 seconds.
  path: Assets/Sprites/StackBarBackground.png
  artifactKey: Guid(da9277167b71744239c5214b5690119c) Importer(815301076,1909f56bfc062723c751e8b465ee728b)
Start importing Assets/Sprites/StackBarBackground.png using Guid(da9277167b71744239c5214b5690119c) Importer(815301076,1909f56bfc062723c751e8b465ee728b)  -> (artifact id: 'f308022d36eb06f6adccdd5542908884') in 0.009586 seconds
  Import took 0.013616 seconds .

========================================================================
Received Import Request.
  Time since last request: 7.448243 seconds.
  path: Assets/Sprites/StackBarBackground.png
  artifactKey: Guid(da9277167b71744239c5214b5690119c) Importer(815301076,1909f56bfc062723c751e8b465ee728b)
Start importing Assets/Sprites/StackBarBackground.png using Guid(da9277167b71744239c5214b5690119c) Importer(815301076,1909f56bfc062723c751e8b465ee728b)  -> (artifact id: 'cd1360d86b4e14dc79bbe2390320fac3') in 0.010152 seconds
  Import took 0.014223 seconds .

========================================================================
Received Import Request.
  Time since last request: 0.004542 seconds.
  path: Assets/Sprites/StackBarBackground.png
  artifactKey: Guid(da9277167b71744239c5214b5690119c) Importer(815301076,1909f56bfc062723c751e8b465ee728b)
Start importing Assets/Sprites/StackBarBackground.png using Guid(da9277167b71744239c5214b5690119c) Importer(815301076,1909f56bfc062723c751e8b465ee728b)  -> (artifact id: 'cd1360d86b4e14dc79bbe2390320fac3') in 0.009583 seconds
  Import took 0.014323 seconds .

========================================================================
Received Import Request.
  Time since last request: 6.255747 seconds.
  path: Assets/Sprites/StackBarBackground.png
  artifactKey: Guid(da9277167b71744239c5214b5690119c) Importer(815301076,1909f56bfc062723c751e8b465ee728b)
Start importing Assets/Sprites/StackBarBackground.png using Guid(da9277167b71744239c5214b5690119c) Importer(815301076,1909f56bfc062723c751e8b465ee728b)  -> (artifact id: 'ad0e69a5f63aeb958abe3704f4ba8444') in 0.008909 seconds
  Import took 0.012792 seconds .

========================================================================
Received Import Request.
  Time since last request: 0.004060 seconds.
  path: Assets/Sprites/StackBarBackground.png
  artifactKey: Guid(da9277167b71744239c5214b5690119c) Importer(815301076,1909f56bfc062723c751e8b465ee728b)
Start importing Assets/Sprites/StackBarBackground.png using Guid(da9277167b71744239c5214b5690119c) Importer(815301076,1909f56bfc062723c751e8b465ee728b)  -> (artifact id: 'ad0e69a5f63aeb958abe3704f4ba8444') in 0.009803 seconds
  Import took 0.013764 seconds .

========================================================================
Received Prepare
Registering precompiled user dll's ...
Registered in 0.003261 seconds.
Begin MonoManager ReloadAssembly
Native extension for WindowsStandalone target not found
Refreshing native plugins compatible for Editor in 0.46 ms, found 0 plugins.
Preloading 0 native plugins for Editor in 0.00 ms.
Mono: successfully reloaded assembly
- Completed reload, in  0.983 seconds
Platform modules already initialized, skipping
Shader 'Universal Render Pipeline/Particles/Lit': fallback shader 'Universal Render Pipeline/Particles/SimpleLit' not found
Refreshing native plugins compatible for Editor in 0.45 ms, found 0 plugins.
Preloading 0 native plugins for Editor in 0.00 ms.
Unloading 2324 Unused Serialized files (Serialized files now loaded: 0)
System memory in use before: 110.9 MB.
System memory in use after: 111.1 MB.

Unloading 7 unused Assets to reduce memory usage. Loaded Objects now: 2900.
Total: 2.167800 ms (FindLiveObjects: 0.249500 ms CreateObjectMapping: 0.063200 ms MarkObjects: 1.839700 ms  DeleteObjects: 0.014300 ms)

========================================================================
Received Import Request.
  Time since last request: 121.894640 seconds.
  path: Assets/Sprites/StackBarWhole.png
  artifactKey: Guid(ee517d83bca454849b7be2240aa45d07) Importer(815301076,1909f56bfc062723c751e8b465ee728b)
Start importing Assets/Sprites/StackBarWhole.png using Guid(ee517d83bca454849b7be2240aa45d07) Importer(815301076,1909f56bfc062723c751e8b465ee728b)  -> (artifact id: '22f46fa4ef03a7c14a0970cb4218ab75') in 0.060884 seconds
  Import took 0.064699 seconds .

========================================================================
Received Import Request.
  Time since last request: 12.782299 seconds.
  path: Assets/Sprites/StackBarWhole.png
  artifactKey: Guid(ee517d83bca454849b7be2240aa45d07) Importer(815301076,1909f56bfc062723c751e8b465ee728b)
Start importing Assets/Sprites/StackBarWhole.png using Guid(ee517d83bca454849b7be2240aa45d07) Importer(815301076,1909f56bfc062723c751e8b465ee728b)  -> (artifact id: '98f857d73fe363da70ce6c8375e7d727') in 0.009194 seconds
  Import took 0.013185 seconds .

========================================================================
Received Import Request.
  Time since last request: 0.004060 seconds.
  path: Assets/Sprites/StackBarWhole.png
  artifactKey: Guid(ee517d83bca454849b7be2240aa45d07) Importer(815301076,1909f56bfc062723c751e8b465ee728b)
Start importing Assets/Sprites/StackBarWhole.png using Guid(ee517d83bca454849b7be2240aa45d07) Importer(815301076,1909f56bfc062723c751e8b465ee728b)  -> (artifact id: '98f857d73fe363da70ce6c8375e7d727') in 0.012254 seconds
  Import took 0.016382 seconds .

========================================================================
Received Import Request.
  Time since last request: 7.758360 seconds.
  path: Assets/Sprites/StackBarWhole.png
  artifactKey: Guid(ee517d83bca454849b7be2240aa45d07) Importer(815301076,1909f56bfc062723c751e8b465ee728b)
Start importing Assets/Sprites/StackBarWhole.png using Guid(ee517d83bca454849b7be2240aa45d07) Importer(815301076,1909f56bfc062723c751e8b465ee728b)  -> (artifact id: 'ab408d10917b2ef38afd23813f13c02f') in 0.009889 seconds
  Import took 0.013897 seconds .

========================================================================
Received Import Request.
  Time since last request: 0.002714 seconds.
  path: Assets/Sprites/StackBarWhole.png
  artifactKey: Guid(ee517d83bca454849b7be2240aa45d07) Importer(815301076,1909f56bfc062723c751e8b465ee728b)
Start importing Assets/Sprites/StackBarWhole.png using Guid(ee517d83bca454849b7be2240aa45d07) Importer(815301076,1909f56bfc062723c751e8b465ee728b)  -> (artifact id: 'ab408d10917b2ef38afd23813f13c02f') in 0.010771 seconds
  Import took 0.014724 seconds .

========================================================================
Received Import Request.
  Time since last request: 6.351906 seconds.
  path: Assets/Sprites/StackBarWhole.png
  artifactKey: Guid(ee517d83bca454849b7be2240aa45d07) Importer(815301076,1909f56bfc062723c751e8b465ee728b)
Start importing Assets/Sprites/StackBarWhole.png using Guid(ee517d83bca454849b7be2240aa45d07) Importer(815301076,1909f56bfc062723c751e8b465ee728b)  -> (artifact id: 'c1e28f275ec015dbd5538eff5f37a76d') in 0.009442 seconds
  Import took 0.013527 seconds .

========================================================================
Received Import Request.
  Time since last request: 0.002878 seconds.
  path: Assets/Sprites/StackBarWhole.png
  artifactKey: Guid(ee517d83bca454849b7be2240aa45d07) Importer(815301076,1909f56bfc062723c751e8b465ee728b)
Start importing Assets/Sprites/StackBarWhole.png using Guid(ee517d83bca454849b7be2240aa45d07) Importer(815301076,1909f56bfc062723c751e8b465ee728b)  -> (artifact id: 'c1e28f275ec015dbd5538eff5f37a76d') in 0.014967 seconds
  Import took 0.019113 seconds .

========================================================================
Received Import Request.
  Time since last request: 18.897492 seconds.
  path: Assets/Sprites/StackBarWhole.png
  artifactKey: Guid(ee517d83bca454849b7be2240aa45d07) Importer(815301076,1909f56bfc062723c751e8b465ee728b)
Start importing Assets/Sprites/StackBarWhole.png using Guid(ee517d83bca454849b7be2240aa45d07) Importer(815301076,1909f56bfc062723c751e8b465ee728b)  -> (artifact id: '0e0af99a1f7c25624213a4e21d8042a4') in 0.009780 seconds
  Import took 0.013593 seconds .

========================================================================
Received Import Request.
  Time since last request: 0.003430 seconds.
  path: Assets/Sprites/StackBarWhole.png
  artifactKey: Guid(ee517d83bca454849b7be2240aa45d07) Importer(815301076,1909f56bfc062723c751e8b465ee728b)
Start importing Assets/Sprites/StackBarWhole.png using Guid(ee517d83bca454849b7be2240aa45d07) Importer(815301076,1909f56bfc062723c751e8b465ee728b)  -> (artifact id: '0e0af99a1f7c25624213a4e21d8042a4') in 0.010307 seconds
  Import took 0.014105 seconds .

========================================================================
Received Import Request.
  Time since last request: 11.736313 seconds.
  path: Assets/Sprites/StackBarWhole.png
  artifactKey: Guid(ee517d83bca454849b7be2240aa45d07) Importer(815301076,1909f56bfc062723c751e8b465ee728b)
Start importing Assets/Sprites/StackBarWhole.png using Guid(ee517d83bca454849b7be2240aa45d07) Importer(815301076,1909f56bfc062723c751e8b465ee728b)  -> (artifact id: '9532563c99112e5f3ea18368f08a1370') in 0.010251 seconds
  Import took 0.014232 seconds .

========================================================================
Received Import Request.
  Time since last request: 0.003351 seconds.
  path: Assets/Sprites/StackBarWhole.png
  artifactKey: Guid(ee517d83bca454849b7be2240aa45d07) Importer(815301076,1909f56bfc062723c751e8b465ee728b)
Start importing Assets/Sprites/StackBarWhole.png using Guid(ee517d83bca454849b7be2240aa45d07) Importer(815301076,1909f56bfc062723c751e8b465ee728b)  -> (artifact id: '9532563c99112e5f3ea18368f08a1370') in 0.007322 seconds
  Import took 0.011293 seconds .

========================================================================
Received Import Request.
  Time since last request: 21.350879 seconds.
  path: Assets/Sprites/StackBarWhole.png
  artifactKey: Guid(ee517d83bca454849b7be2240aa45d07) Importer(815301076,1909f56bfc062723c751e8b465ee728b)
Start importing Assets/Sprites/StackBarWhole.png using Guid(ee517d83bca454849b7be2240aa45d07) Importer(815301076,1909f56bfc062723c751e8b465ee728b)  -> (artifact id: '7d822b96b743c661e609c7f7e9d94626') in 0.010114 seconds
  Import took 0.013898 seconds .

========================================================================
Received Import Request.
  Time since last request: 0.005860 seconds.
  path: Assets/Sprites/StackBarWhole.png
  artifactKey: Guid(ee517d83bca454849b7be2240aa45d07) Importer(815301076,1909f56bfc062723c751e8b465ee728b)
Start importing Assets/Sprites/StackBarWhole.png using Guid(ee517d83bca454849b7be2240aa45d07) Importer(815301076,1909f56bfc062723c751e8b465ee728b)  -> (artifact id: '7d822b96b743c661e609c7f7e9d94626') in 0.035684 seconds
  Import took 0.040274 seconds .

========================================================================
Received Import Request.
  Time since last request: 13.053787 seconds.
  path: Assets/Sprites/StackBarWhole.png
  artifactKey: Guid(ee517d83bca454849b7be2240aa45d07) Importer(815301076,1909f56bfc062723c751e8b465ee728b)
Start importing Assets/Sprites/StackBarWhole.png using Guid(ee517d83bca454849b7be2240aa45d07) Importer(815301076,1909f56bfc062723c751e8b465ee728b)  -> (artifact id: 'caa047352002812521831bda8e9b8d17') in 0.010072 seconds
  Import took 0.013878 seconds .

========================================================================
Received Import Request.
  Time since last request: 0.003303 seconds.
  path: Assets/Sprites/StackBarWhole.png
  artifactKey: Guid(ee517d83bca454849b7be2240aa45d07) Importer(815301076,1909f56bfc062723c751e8b465ee728b)
Start importing Assets/Sprites/StackBarWhole.png using Guid(ee517d83bca454849b7be2240aa45d07) Importer(815301076,1909f56bfc062723c751e8b465ee728b)  -> (artifact id: 'caa047352002812521831bda8e9b8d17') in 0.010885 seconds
  Import took 0.014467 seconds .

========================================================================
Received Prepare
Registering precompiled user dll's ...
Registered in 0.003621 seconds.
Begin MonoManager ReloadAssembly
Native extension for WindowsStandalone target not found
Refreshing native plugins compatible for Editor in 0.46 ms, found 0 plugins.
Preloading 0 native plugins for Editor in 0.00 ms.
Mono: successfully reloaded assembly
- Completed reload, in  0.992 seconds
Platform modules already initialized, skipping
Shader 'Universal Render Pipeline/Particles/Lit': fallback shader 'Universal Render Pipeline/Particles/SimpleLit' not found
Refreshing native plugins compatible for Editor in 0.47 ms, found 0 plugins.
Preloading 0 native plugins for Editor in 0.00 ms.
Unloading 2324 Unused Serialized files (Serialized files now loaded: 0)
System memory in use before: 110.8 MB.
System memory in use after: 111.0 MB.

Unloading 7 unused Assets to reduce memory usage. Loaded Objects now: 2904.
Total: 2.131000 ms (FindLiveObjects: 0.244600 ms CreateObjectMapping: 0.064200 ms MarkObjects: 1.807700 ms  DeleteObjects: 0.013500 ms)

========================================================================
Received Prepare
Registering precompiled user dll's ...
Registered in 0.003229 seconds.
Begin MonoManager ReloadAssembly
Native extension for WindowsStandalone target not found
Refreshing native plugins compatible for Editor in 0.45 ms, found 0 plugins.
Preloading 0 native plugins for Editor in 0.00 ms.
Mono: successfully reloaded assembly
- Completed reload, in  0.984 seconds
Platform modules already initialized, skipping
Shader 'Universal Render Pipeline/Particles/Lit': fallback shader 'Universal Render Pipeline/Particles/SimpleLit' not found
Refreshing native plugins compatible for Editor in 0.56 ms, found 0 plugins.
Preloading 0 native plugins for Editor in 0.00 ms.
Unloading 2324 Unused Serialized files (Serialized files now loaded: 0)
System memory in use before: 110.9 MB.
System memory in use after: 111.1 MB.

Unloading 7 unused Assets to reduce memory usage. Loaded Objects now: 2907.
Total: 2.143700 ms (FindLiveObjects: 0.251100 ms CreateObjectMapping: 0.064000 ms MarkObjects: 1.813800 ms  DeleteObjects: 0.013900 ms)

AssetImportWorkerClient::OnTransportError - code=2 error=End of file
